-------------------------------------------------------------------------------
Test set: ch.hsr.ifs.cdt.namespactor.rtstest.TestSuiteAll
-------------------------------------------------------------------------------
Tests run: 192, Failures: 0, Errors: 0, Skipped: 0, Time elapsed: 38.524 sec
runTest[IUDEC_CompositesInNamespaces_NoQualificationRequired](ch.hsr.ifs.cdt.namespactor.rtstest.tests.IURefactoringTestIUDEC)  Time elapsed: 0.915 secrunTest[IUDEC_FnSingleFile](ch.hsr.ifs.cdt.namespactor.rtstest.tests.IURefactoringTestIUDEC)  Time elapsed: 0.295 secrunTest[IUDEC_FreeTemplateFunction_251](ch.hsr.ifs.cdt.namespactor.rtstest.tests.IURefactoringTestIUDEC)  Time elapsed: 0.254 secrunTest[IUDEC_FreeTemplateFunction_PS1](ch.hsr.ifs.cdt.namespactor.rtstest.tests.IURefactoringTestIUDEC)  Time elapsed: 0.226 secrunTest[IUDEC_InlineIntoQualifiedName](ch.hsr.ifs.cdt.namespactor.rtstest.tests.IURefactoringTestIUDEC)  Time elapsed: 0.221 secrunTest[IUDEC_InvalidSelection](ch.hsr.ifs.cdt.namespactor.rtstest.tests.IURefactoringTestIUDEC)  Time elapsed: 0.203 secrunTest[IUDEC_MultipleInheritance](ch.hsr.ifs.cdt.namespactor.rtstest.tests.IURefactoringTestIUDEC)  Time elapsed: 0.27 secrunTest[IUDEC_NoSelection](ch.hsr.ifs.cdt.namespactor.rtstest.tests.IURefactoringTestIUDEC)  Time elapsed: 0.142 secrunTest[IUDEC_OnlyDependentNodesShouldBeChanged](ch.hsr.ifs.cdt.namespactor.rtstest.tests.IURefactoringTestIUDEC)  Time elapsed: 0.265 secrunTest[IUDEC_Templates](ch.hsr.ifs.cdt.namespactor.rtstest.tests.IURefactoringTestIUDEC)  Time elapsed: 0.358 secrunTest[IUDEC_UDECIdClassName_239](ch.hsr.ifs.cdt.namespactor.rtstest.tests.IURefactoringTestIUDEC)  Time elapsed: 0.193 secrunTest[IUDIR_AliasSingleFile](ch.hsr.ifs.cdt.namespactor.rtstest.tests.IURefactoringTestIUDIR)  Time elapsed: 0.196 secrunTest[IUDIR_AnoNestedNS](ch.hsr.ifs.cdt.namespactor.rtstest.tests.IURefactoringTestIUDIR)  Time elapsed: 0.155 secrunTest[IUDIR_ApplyToLocalScopeOnly](ch.hsr.ifs.cdt.namespactor.rtstest.tests.IURefactoringTestIUDIR)  Time elapsed: 0.128 secrunTest[IUDIR_ClassTwoFilesDefinition](ch.hsr.ifs.cdt.namespactor.rtstest.tests.IURefactoringTestIUDIR)  Time elapsed: 0.242 secrunTest[IUDIR_CompositeTypesAndParameters](ch.hsr.ifs.cdt.namespactor.rtstest.tests.IURefactoringTestIUDIR)  Time elapsed: 0.251 secrunTest[IUDIR_DirSingleFile](ch.hsr.ifs.cdt.namespactor.rtstest.tests.IURefactoringTestIUDIR)  Time elapsed: 0.207 secrunTest[IUDIR_ExternalInlineNamespace](ch.hsr.ifs.cdt.namespactor.rtstest.tests.IURefactoringTestIUDIR)  Time elapsed: 0.198 secrunTest[IUDIR_ExternalInlineNamespace_directiveInMiddle](ch.hsr.ifs.cdt.namespactor.rtstest.tests.IURefactoringTestIUDIR)  Time elapsed: 0.157 secrunTest[IUDIR_FunctionTemplate](ch.hsr.ifs.cdt.namespactor.rtstest.tests.IURefactoringTestIUDIR)  Time elapsed: 0.158 secrunTest[IUDIR_HeaderFile](ch.hsr.ifs.cdt.namespactor.rtstest.tests.IURefactoringTestIUDIR)  Time elapsed: 0.212 secrunTest[IUDIR_HeaderFileExtended](ch.hsr.ifs.cdt.namespactor.rtstest.tests.IURefactoringTestIUDIR)  Time elapsed: 0.192 secrunTest[IUDIR_IgnoreUnIncludedFiles_SelectionInChild](ch.hsr.ifs.cdt.namespactor.rtstest.tests.IURefactoringTestIUDIR)  Time elapsed: 0.262 secrunTest[IUDIR_IgnoreUnIncludedFiles_SelectionInParent](ch.hsr.ifs.cdt.namespactor.rtstest.tests.IURefactoringTestIUDIR)  Time elapsed: 0.385 secrunTest[IUDIR_InlineQualifiedName](ch.hsr.ifs.cdt.namespactor.rtstest.tests.IURefactoringTestIUDIR)  Time elapsed: 0.24 secrunTest[IUDIR_InvalidSelection](ch.hsr.ifs.cdt.namespactor.rtstest.tests.IURefactoringTestIUDIR)  Time elapsed: 0.146 secrunTest[IUDIR_NamespaceDefSpanMultipleFiles](ch.hsr.ifs.cdt.namespactor.rtstest.tests.IURefactoringTestIUDIR)  Time elapsed: 0.221 secrunTest[IUDIR_NestedNames](ch.hsr.ifs.cdt.namespactor.rtstest.tests.IURefactoringTestIUDIR)  Time elapsed: 0.218 secrunTest[IUDIR_NoSelection](ch.hsr.ifs.cdt.namespactor.rtstest.tests.IURefactoringTestIUDIR)  Time elapsed: 0.277 secrunTest[IUDIR_OperatorOverloading](ch.hsr.ifs.cdt.namespactor.rtstest.tests.IURefactoringTestIUDIR)  Time elapsed: 0.448 secrunTest[IUDIR_OperatorOverloadingImplicitCall_TODO](ch.hsr.ifs.cdt.namespactor.rtstest.tests.IURefactoringTestIUDIR)  Time elapsed: 0.255 secrunTest[IUDIR_PreventReplacementOfReferencesInSourceNamespace_#233](ch.hsr.ifs.cdt.namespactor.rtstest.tests.IURefactoringTestIUDIR)  Time elapsed: 0.203 secrunTest[IUDIR_QualifyNestedStructName](ch.hsr.ifs.cdt.namespactor.rtstest.tests.IURefactoringTestIUDIR)  Time elapsed: 0.335 secrunTest[IUDIR_RecursiveMultipleFiles_TODO](ch.hsr.ifs.cdt.namespactor.rtstest.tests.IURefactoringTestIUDIR)  Time elapsed: 0.171 secrunTest[IUDIR_Templates](ch.hsr.ifs.cdt.namespactor.rtstest.tests.IURefactoringTestIUDIR)  Time elapsed: 0.445 secrunTest[IUDIR_Templates_MethodDefinitions_TODO](ch.hsr.ifs.cdt.namespactor.rtstest.tests.IURefactoringTestIUDIR)  Time elapsed: 0.203 secrunTest[IUDIR_TestInheritance](ch.hsr.ifs.cdt.namespactor.rtstest.tests.IURefactoringTestIUDIR)  Time elapsed: 0.256 secrunTest[IUDIR_TransitiveUDIR_TODO](ch.hsr.ifs.cdt.namespactor.rtstest.tests.IURefactoringTestIUDIR)  Time elapsed: 0.145 secrunTest[IUDIR_Typedefs](ch.hsr.ifs.cdt.namespactor.rtstest.tests.IURefactoringTestIUDIR)  Time elapsed: 0.317 secrunTest[IUDIR_WithComments](ch.hsr.ifs.cdt.namespactor.rtstest.tests.IURefactoringTestIUDIR)  Time elapsed: 0.21 secrunTest[IUDIR_AliasSingleFile](ch.hsr.ifs.cdt.namespactor.rtstest.tests.IUDIRRefactoringTest)  Time elapsed: 0.23 secrunTest[IUDIR_AnoNestedNS](ch.hsr.ifs.cdt.namespactor.rtstest.tests.IUDIRRefactoringTest)  Time elapsed: 0.199 secrunTest[IUDIR_ApplyToLocalScopeOnly](ch.hsr.ifs.cdt.namespactor.rtstest.tests.IUDIRRefactoringTest)  Time elapsed: 0.148 secrunTest[IUDIR_ClassTwoFilesDefinition](ch.hsr.ifs.cdt.namespactor.rtstest.tests.IUDIRRefactoringTest)  Time elapsed: 0.23 secrunTest[IUDIR_CompositeTypesAndParameters](ch.hsr.ifs.cdt.namespactor.rtstest.tests.IUDIRRefactoringTest)  Time elapsed: 0.23 secrunTest[IUDIR_DirSingleFile](ch.hsr.ifs.cdt.namespactor.rtstest.tests.IUDIRRefactoringTest)  Time elapsed: 0.178 secrunTest[IUDIR_ExternalInlineNamespace](ch.hsr.ifs.cdt.namespactor.rtstest.tests.IUDIRRefactoringTest)  Time elapsed: 0.21 secrunTest[IUDIR_ExternalInlineNamespace_directiveInMiddle](ch.hsr.ifs.cdt.namespactor.rtstest.tests.IUDIRRefactoringTest)  Time elapsed: 0.218 secrunTest[IUDIR_FunctionTemplate](ch.hsr.ifs.cdt.namespactor.rtstest.tests.IUDIRRefactoringTest)  Time elapsed: 0.165 secrunTest[IUDIR_HeaderFile](ch.hsr.ifs.cdt.namespactor.rtstest.tests.IUDIRRefactoringTest)  Time elapsed: 0.231 secrunTest[IUDIR_HeaderFileExtended](ch.hsr.ifs.cdt.namespactor.rtstest.tests.IUDIRRefactoringTest)  Time elapsed: 0.24 secrunTest[IUDIR_IgnoreUnIncludedFiles_SelectionInChild](ch.hsr.ifs.cdt.namespactor.rtstest.tests.IUDIRRefactoringTest)  Time elapsed: 0.304 secrunTest[IUDIR_IgnoreUnIncludedFiles_SelectionInParent](ch.hsr.ifs.cdt.namespactor.rtstest.tests.IUDIRRefactoringTest)  Time elapsed: 0.289 secrunTest[IUDIR_InlineQualifiedName](ch.hsr.ifs.cdt.namespactor.rtstest.tests.IUDIRRefactoringTest)  Time elapsed: 0.194 secrunTest[IUDIR_InvalidSelection](ch.hsr.ifs.cdt.namespactor.rtstest.tests.IUDIRRefactoringTest)  Time elapsed: 0.118 secrunTest[IUDIR_NamespaceDefSpanMultipleFiles](ch.hsr.ifs.cdt.namespactor.rtstest.tests.IUDIRRefactoringTest)  Time elapsed: 0.168 secrunTest[IUDIR_NestedNames](ch.hsr.ifs.cdt.namespactor.rtstest.tests.IUDIRRefactoringTest)  Time elapsed: 0.204 secrunTest[IUDIR_NoSelection](ch.hsr.ifs.cdt.namespactor.rtstest.tests.IUDIRRefactoringTest)  Time elapsed: 0.141 secrunTest[IUDIR_OperatorOverloading](ch.hsr.ifs.cdt.namespactor.rtstest.tests.IUDIRRefactoringTest)  Time elapsed: 0.202 secrunTest[IUDIR_OperatorOverloadingImplicitCall_TODO](ch.hsr.ifs.cdt.namespactor.rtstest.tests.IUDIRRefactoringTest)  Time elapsed: 0.148 secrunTest[IUDIR_PreventReplacementOfReferencesInSourceNamespace_#233](ch.hsr.ifs.cdt.namespactor.rtstest.tests.IUDIRRefactoringTest)  Time elapsed: 0.137 secrunTest[IUDIR_QualifyNestedStructName](ch.hsr.ifs.cdt.namespactor.rtstest.tests.IUDIRRefactoringTest)  Time elapsed: 0.155 secrunTest[IUDIR_RecursiveMultipleFiles_TODO](ch.hsr.ifs.cdt.namespactor.rtstest.tests.IUDIRRefactoringTest)  Time elapsed: 0.147 secrunTest[IUDIR_Templates](ch.hsr.ifs.cdt.namespactor.rtstest.tests.IUDIRRefactoringTest)  Time elapsed: 0.375 secrunTest[IUDIR_Templates_MethodDefinitions_TODO](ch.hsr.ifs.cdt.namespactor.rtstest.tests.IUDIRRefactoringTest)  Time elapsed: 0.165 secrunTest[IUDIR_TestInheritance](ch.hsr.ifs.cdt.namespactor.rtstest.tests.IUDIRRefactoringTest)  Time elapsed: 0.156 secrunTest[IUDIR_TransitiveUDIR_TODO](ch.hsr.ifs.cdt.namespactor.rtstest.tests.IUDIRRefactoringTest)  Time elapsed: 0.103 secrunTest[IUDIR_Typedefs](ch.hsr.ifs.cdt.namespactor.rtstest.tests.IUDIRRefactoringTest)  Time elapsed: 0.261 secrunTest[IUDIR_WithComments](ch.hsr.ifs.cdt.namespactor.rtstest.tests.IUDIRRefactoringTest)  Time elapsed: 0.182 secrunTest[IUDEC_CompositesInNamespaces_NoQualificationRequired](ch.hsr.ifs.cdt.namespactor.rtstest.tests.IUDECRefactoringTest)  Time elapsed: 0.166 secrunTest[IUDEC_FnSingleFile](ch.hsr.ifs.cdt.namespactor.rtstest.tests.IUDECRefactoringTest)  Time elapsed: 0.171 secrunTest[IUDEC_FreeTemplateFunction_251](ch.hsr.ifs.cdt.namespactor.rtstest.tests.IUDECRefactoringTest)  Time elapsed: 0.141 secrunTest[IUDEC_FreeTemplateFunction_PS1](ch.hsr.ifs.cdt.namespactor.rtstest.tests.IUDECRefactoringTest)  Time elapsed: 0.152 secrunTest[IUDEC_InlineIntoQualifiedName](ch.hsr.ifs.cdt.namespactor.rtstest.tests.IUDECRefactoringTest)  Time elapsed: 0.149 secrunTest[IUDEC_InvalidSelection](ch.hsr.ifs.cdt.namespactor.rtstest.tests.IUDECRefactoringTest)  Time elapsed: 0.138 secrunTest[IUDEC_MultipleInheritance](ch.hsr.ifs.cdt.namespactor.rtstest.tests.IUDECRefactoringTest)  Time elapsed: 0.214 secrunTest[IUDEC_NoSelection](ch.hsr.ifs.cdt.namespactor.rtstest.tests.IUDECRefactoringTest)  Time elapsed: 0.1 secrunTest[IUDEC_OnlyDependentNodesShouldBeChanged](ch.hsr.ifs.cdt.namespactor.rtstest.tests.IUDECRefactoringTest)  Time elapsed: 0.205 secrunTest[IUDEC_Templates](ch.hsr.ifs.cdt.namespactor.rtstest.tests.IUDECRefactoringTest)  Time elapsed: 0.305 secrunTest[IUDEC_UDECIdClassName_239](ch.hsr.ifs.cdt.namespactor.rtstest.tests.IUDECRefactoringTest)  Time elapsed: 0.2 secrunTest[QUN_InvalidSelection_Definition](ch.hsr.ifs.cdt.namespactor.rtstest.tests.QUNRefactoringTest)  Time elapsed: 0.131 secrunTest[QUN_InvalidSelection_QualifiedName](ch.hsr.ifs.cdt.namespactor.rtstest.tests.QUNRefactoringTest)  Time elapsed: 0.169 secrunTest[QUN_NestedName](ch.hsr.ifs.cdt.namespactor.rtstest.tests.QUNRefactoringTest)  Time elapsed: 0.143 secrunTest[QUN_NoSelection](ch.hsr.ifs.cdt.namespactor.rtstest.tests.QUNRefactoringTest)  Time elapsed: 0.127 secrunTest[QUN_Operators](ch.hsr.ifs.cdt.namespactor.rtstest.tests.QUNRefactoringTest)  Time elapsed: 0.176 secrunTest[QUN_Parameter](ch.hsr.ifs.cdt.namespactor.rtstest.tests.QUNRefactoringTest)  Time elapsed: 0.186 secrunTest[QUN_QualifyNestedStructName](ch.hsr.ifs.cdt.namespactor.rtstest.tests.QUNRefactoringTest)  Time elapsed: 0.189 secrunTest[QUN_Template4LevelNesting_NotAllRequireQualification](ch.hsr.ifs.cdt.namespactor.rtstest.tests.QUNRefactoringTest)  Time elapsed: 0.261 secrunTest[QUN_TemplateFunctionCallNoUDEC](ch.hsr.ifs.cdt.namespactor.rtstest.tests.QUNRefactoringTest)  Time elapsed: 0.135 secrunTest[QUN_TemplateFunctionCallWithTemplateArgument](ch.hsr.ifs.cdt.namespactor.rtstest.tests.QUNRefactoringTest)  Time elapsed: 0.168 secrunTest[QUN_TemplateFunctionCallWithUDEC](ch.hsr.ifs.cdt.namespactor.rtstest.tests.QUNRefactoringTest)  Time elapsed: 0.181 secrunTest[QUN_TemplateNestedAlreadyQualified](ch.hsr.ifs.cdt.namespactor.rtstest.tests.QUNRefactoringTest)  Time elapsed: 0.22 secrunTest[QUN_TemplateNestedAndOuterName](ch.hsr.ifs.cdt.namespactor.rtstest.tests.QUNRefactoringTest)  Time elapsed: 0.218 secrunTest[QUN_TemplateNestedName](ch.hsr.ifs.cdt.namespactor.rtstest.tests.QUNRefactoringTest)  Time elapsed: 0.203 secrunTest[QUN_TemplateSimpleName](ch.hsr.ifs.cdt.namespactor.rtstest.tests.QUNRefactoringTest)  Time elapsed: 0.175 secrunTest[QUN_UDECRefName](ch.hsr.ifs.cdt.namespactor.rtstest.tests.QUNRefactoringTest)  Time elapsed: 0.149 secrunTest[QUN_VectorExternal](ch.hsr.ifs.cdt.namespactor.rtstest.tests.QUNRefactoringTest)  Time elapsed: 0.202 secrunTest[QUN_VectorVectorTemplate](ch.hsr.ifs.cdt.namespactor.rtstest.tests.QUNRefactoringTest)  Time elapsed: 0.141 secrunTest[EUDIR_AnonymousNamespace1](ch.hsr.ifs.cdt.namespactor.rtstest.tests.EUDIRRefactoringTest)  Time elapsed: 0.167 secrunTest[EUDIR_AnonymousNamespace2](ch.hsr.ifs.cdt.namespactor.rtstest.tests.EUDIRRefactoringTest)  Time elapsed: 0.156 secrunTest[EUDIR_AnonymousNamespace3](ch.hsr.ifs.cdt.namespactor.rtstest.tests.EUDIRRefactoringTest)  Time elapsed: 0.124 secrunTest[EUDIR_ClassTwoFilesDefinitionSelection](ch.hsr.ifs.cdt.namespactor.rtstest.tests.EUDIRRefactoringTest)  Time elapsed: 0.205 secrunTest[EUDIR_ClassTwoFilesDefinitionWithStruct](ch.hsr.ifs.cdt.namespactor.rtstest.tests.EUDIRRefactoringTest)  Time elapsed: 0.254 secrunTest[EUDIR_CompositeTypeSpecifierClass](ch.hsr.ifs.cdt.namespactor.rtstest.tests.EUDIRRefactoringTest)  Time elapsed: 0.259 secrunTest[EUDIR_CompositeTypeSpecifierStruct](ch.hsr.ifs.cdt.namespactor.rtstest.tests.EUDIRRefactoringTest)  Time elapsed: 0.175 secrunTest[EUDIR_ConditionWithoutCompoundStatement1](ch.hsr.ifs.cdt.namespactor.rtstest.tests.EUDIRRefactoringTest)  Time elapsed: 0.205 secrunTest[EUDIR_ConditionWithoutCompoundStatement2](ch.hsr.ifs.cdt.namespactor.rtstest.tests.EUDIRRefactoringTest)  Time elapsed: 0.164 secrunTest[EUDIR_Const_Ref_Pointer](ch.hsr.ifs.cdt.namespactor.rtstest.tests.EUDIRRefactoringTest)  Time elapsed: 0.191 secrunTest[EUDIR_ExtremNestedNamespaces](ch.hsr.ifs.cdt.namespactor.rtstest.tests.EUDIRRefactoringTest)  Time elapsed: 0.195 secrunTest[EUDIR_FunctionDefinitionSelection](ch.hsr.ifs.cdt.namespactor.rtstest.tests.EUDIRRefactoringTest)  Time elapsed: 0.158 secrunTest[EUDIR_Ignore_UsingNSDecl](ch.hsr.ifs.cdt.namespactor.rtstest.tests.EUDIRRefactoringTest)  Time elapsed: 0.157 secrunTest[EUDIR_InsideNamespaceDefinition](ch.hsr.ifs.cdt.namespactor.rtstest.tests.EUDIRRefactoringTest)  Time elapsed: 0.159 secrunTest[EUDIR_InsideTypeDeclaration](ch.hsr.ifs.cdt.namespactor.rtstest.tests.EUDIRRefactoringTest)  Time elapsed: 0.162 secrunTest[EUDIR_InsideTypeDeclarationInsideFunction](ch.hsr.ifs.cdt.namespactor.rtstest.tests.EUDIRRefactoringTest)  Time elapsed: 0.617 secrunTest[EUDIR_InsideTypeDeclarationNested](ch.hsr.ifs.cdt.namespactor.rtstest.tests.EUDIRRefactoringTest)  Time elapsed: 0.172 secrunTest[EUDIR_InsideTypeDeclarationWithFuncDeclAndDefAndCall](ch.hsr.ifs.cdt.namespactor.rtstest.tests.EUDIRRefactoringTest)  Time elapsed: 0.135 secrunTest[EUDIR_LongNamespaceNames](ch.hsr.ifs.cdt.namespactor.rtstest.tests.EUDIRRefactoringTest)  Time elapsed: 0.155 secrunTest[EUDIR_MemberFunctionAndGlobalFunction](ch.hsr.ifs.cdt.namespactor.rtstest.tests.EUDIRRefactoringTest)  Time elapsed: 0.179 secrunTest[EUDIR_MultiLineCommentAboveScope](ch.hsr.ifs.cdt.namespactor.rtstest.tests.EUDIRRefactoringTest)  Time elapsed: 0.146 secrunTest[EUDIR_MultiLineCommentAfter](ch.hsr.ifs.cdt.namespactor.rtstest.tests.EUDIRRefactoringTest)  Time elapsed: 0.186 secrunTest[EUDIR_MultiLineCommentAtLine](ch.hsr.ifs.cdt.namespactor.rtstest.tests.EUDIRRefactoringTest)  Time elapsed: 0.198 secrunTest[EUDIR_MultiLineCommentAtScopeBeginning](ch.hsr.ifs.cdt.namespactor.rtstest.tests.EUDIRRefactoringTest)  Time elapsed: 0.158 secrunTest[EUDIR_MultiLineCommentBefore](ch.hsr.ifs.cdt.namespactor.rtstest.tests.EUDIRRefactoringTest)  Time elapsed: 0.158 secrunTest[EUDIR_MultiLineCommentMultiLineBefore](ch.hsr.ifs.cdt.namespactor.rtstest.tests.EUDIRRefactoringTest)  Time elapsed: 0.121 secrunTest[EUDIR_MultipleNestedUsingDirectives](ch.hsr.ifs.cdt.namespactor.rtstest.tests.EUDIRRefactoringTest)  Time elapsed: 0.159 secrunTest[EUDIR_MultipleNestedUsingDirectives2](ch.hsr.ifs.cdt.namespactor.rtstest.tests.EUDIRRefactoringTest)  Time elapsed: 0.165 secrunTest[EUDIR_NamesInDifferentScopes](ch.hsr.ifs.cdt.namespactor.rtstest.tests.EUDIRRefactoringTest)  Time elapsed: 0.186 secrunTest[EUDIR_NamesInInnerScope](ch.hsr.ifs.cdt.namespactor.rtstest.tests.EUDIRRefactoringTest)  Time elapsed: 0.151 secrunTest[EUDIR_NamesMixedQualifiedAndUnQualified](ch.hsr.ifs.cdt.namespactor.rtstest.tests.EUDIRRefactoringTest)  Time elapsed: 0.177 secrunTest[EUDIR_NamesMixedQualifiedAndUnQualifiedAndNested](ch.hsr.ifs.cdt.namespactor.rtstest.tests.EUDIRRefactoringTest)  Time elapsed: 0.178 secrunTest[EUDIR_NestedNamespace](ch.hsr.ifs.cdt.namespactor.rtstest.tests.EUDIRRefactoringTest)  Time elapsed: 0.189 secrunTest[EUDIR_NestedTypes](ch.hsr.ifs.cdt.namespactor.rtstest.tests.EUDIRRefactoringTest)  Time elapsed: 0.176 secrunTest[EUDIR_NoSelection](ch.hsr.ifs.cdt.namespactor.rtstest.tests.EUDIRRefactoringTest)  Time elapsed: 0.16 secrunTest[EUDIR_OneLineCommentAboveScope](ch.hsr.ifs.cdt.namespactor.rtstest.tests.EUDIRRefactoringTest)  Time elapsed: 0.158 secrunTest[EUDIR_OneLineCommentAfter](ch.hsr.ifs.cdt.namespactor.rtstest.tests.EUDIRRefactoringTest)  Time elapsed: 0.138 secrunTest[EUDIR_OneLineCommentAtLine](ch.hsr.ifs.cdt.namespactor.rtstest.tests.EUDIRRefactoringTest)  Time elapsed: 0.142 secrunTest[EUDIR_OneLineCommentAtScopeBeginning](ch.hsr.ifs.cdt.namespactor.rtstest.tests.EUDIRRefactoringTest)  Time elapsed: 0.159 secrunTest[EUDIR_ParameterInGlobalFunctionDeclaration](ch.hsr.ifs.cdt.namespactor.rtstest.tests.EUDIRRefactoringTest)  Time elapsed: 0.15 secrunTest[EUDIR_ParameterInGlobalFunctionDefinition](ch.hsr.ifs.cdt.namespactor.rtstest.tests.EUDIRRefactoringTest)  Time elapsed: 0.154 secrunTest[EUDIR_ParameterInGlobalFunctionDefinition_DifferentSelection](ch.hsr.ifs.cdt.namespactor.rtstest.tests.EUDIRRefactoringTest)  Time elapsed: 0.159 secrunTest[EUDIR_PartiallyQualifying](ch.hsr.ifs.cdt.namespactor.rtstest.tests.EUDIRRefactoringTest)  Time elapsed: 0.174 secrunTest[EUDIR_QualifiedAndUnqualifiedFunctionDefinitions](ch.hsr.ifs.cdt.namespactor.rtstest.tests.EUDIRRefactoringTest)  Time elapsed: 0.127 secrunTest[EUDIR_ReopenMultipleNamespacesWithNestedUsingDirective](ch.hsr.ifs.cdt.namespactor.rtstest.tests.EUDIRRefactoringTest)  Time elapsed: 0.179 secrunTest[EUDIR_SingleNamespace_SelectionCall](ch.hsr.ifs.cdt.namespactor.rtstest.tests.EUDIRRefactoringTest)  Time elapsed: 0.319 secrunTest[EUDIR_SingleNamespace_SelectionNamespace](ch.hsr.ifs.cdt.namespactor.rtstest.tests.EUDIRRefactoringTest)  Time elapsed: 0.19 secrunTest[EUDIR_Struct](ch.hsr.ifs.cdt.namespactor.rtstest.tests.EUDIRRefactoringTest)  Time elapsed: 0.209 secrunTest[EUDIR_StructAsFuncDeclParameter](ch.hsr.ifs.cdt.namespactor.rtstest.tests.EUDIRRefactoringTest)  Time elapsed: 0.18 secrunTest[EUDIR_Struct_CompositeTypeDefinition](ch.hsr.ifs.cdt.namespactor.rtstest.tests.EUDIRRefactoringTest)  Time elapsed: 0.136 secrunTest[EUDIR_Struct_DifferentSelection](ch.hsr.ifs.cdt.namespactor.rtstest.tests.EUDIRRefactoringTest)  Time elapsed: 0.188 secrunTest[EUDIR_Struct_WithPointer](ch.hsr.ifs.cdt.namespactor.rtstest.tests.EUDIRRefactoringTest)  Time elapsed: 0.19 secrunTest[EUDIR_SwitchSimple1](ch.hsr.ifs.cdt.namespactor.rtstest.tests.EUDIRRefactoringTest)  Time elapsed: 0.173 secrunTest[EUDIR_SwitchSimple2](ch.hsr.ifs.cdt.namespactor.rtstest.tests.EUDIRRefactoringTest)  Time elapsed: 0.187 secrunTest[EUDIR_SwitchWithEnum1](ch.hsr.ifs.cdt.namespactor.rtstest.tests.EUDIRRefactoringTest)  Time elapsed: 0.191 secrunTest[EUDIR_SwitchWithEnum2](ch.hsr.ifs.cdt.namespactor.rtstest.tests.EUDIRRefactoringTest)  Time elapsed: 0.23 secrunTest[EUDIR_Templates](ch.hsr.ifs.cdt.namespactor.rtstest.tests.EUDIRRefactoringTest)  Time elapsed: 0.435 secrunTest[EUDIR_TwoNamesOneNameSpecifier](ch.hsr.ifs.cdt.namespactor.rtstest.tests.EUDIRRefactoringTest)  Time elapsed: 0.13 secrunTest[EUDIR_TwoNamesTwoNameSpecifier](ch.hsr.ifs.cdt.namespactor.rtstest.tests.EUDIRRefactoringTest)  Time elapsed: 0.141 secrunTest[EUDIR_TypeDefsSelectionOnTypeDef](ch.hsr.ifs.cdt.namespactor.rtstest.tests.EUDIRRefactoringTest)  Time elapsed: 0.18 secrunTest[EUDIR_TypesMembersFunctionsComplex](ch.hsr.ifs.cdt.namespactor.rtstest.tests.EUDIRRefactoringTest)  Time elapsed: 0.299 secrunTest[EUDIR_UsingDeclarationSelection](ch.hsr.ifs.cdt.namespactor.rtstest.tests.EUDIRRefactoringTest)  Time elapsed: 0.097 secrunTest[EUDIR_UsingDirectiveSelection](ch.hsr.ifs.cdt.namespactor.rtstest.tests.EUDIRRefactoringTest)  Time elapsed: 0.118 secrunTest[EUDIR_UsingDirectivesCorrectInsertionPointWithRemove](ch.hsr.ifs.cdt.namespactor.rtstest.tests.EUDIRRefactoringTest)  Time elapsed: 0.156 secrunTest[EUDIR_Variable](ch.hsr.ifs.cdt.namespactor.rtstest.tests.EUDIRRefactoringTest)  Time elapsed: 0.193 secrunTest[EUDIR_WrongSelection](ch.hsr.ifs.cdt.namespactor.rtstest.tests.EUDIRRefactoringTest)  Time elapsed: 0.095 secrunTest[EUDIR_WrongSelectionOfType](ch.hsr.ifs.cdt.namespactor.rtstest.tests.EUDIRRefactoringTest)  Time elapsed: 0.112 secrunTest[EUDIR_namespace_in_macro_expansion](ch.hsr.ifs.cdt.namespactor.rtstest.tests.EUDIRRefactoringTest)  Time elapsed: 0.176 secrunTest[EUDIR_namespace_in_macro_expansion_type](ch.hsr.ifs.cdt.namespactor.rtstest.tests.EUDIRRefactoringTest)  Time elapsed: 0.165 secrunTest[EUDEC_InheritedTypeSpecialCase](ch.hsr.ifs.cdt.namespactor.rtstest.tests.EUDECRefactoringTest)  Time elapsed: 0.168 secrunTest[EUDEC_InsideNamespaceDefinition](ch.hsr.ifs.cdt.namespactor.rtstest.tests.EUDECRefactoringTest)  Time elapsed: 0.158 secrunTest[EUDEC_MacroWithinCall_type](ch.hsr.ifs.cdt.namespactor.rtstest.tests.EUDECRefactoringTest)  Time elapsed: 0.194 secrunTest[EUDEC_NameOverloadings](ch.hsr.ifs.cdt.namespactor.rtstest.tests.EUDECRefactoringTest)  Time elapsed: 0.149 secrunTest[EUDEC_NoSelection](ch.hsr.ifs.cdt.namespactor.rtstest.tests.EUDECRefactoringTest)  Time elapsed: 0.104 secrunTest[EUDEC_OnlyReplaceExactNameOccurencies](ch.hsr.ifs.cdt.namespactor.rtstest.tests.EUDECRefactoringTest)  Time elapsed: 0.164 secrunTest[EUDEC_ReplacementWithinMacroShouldNotBeTouched](ch.hsr.ifs.cdt.namespactor.rtstest.tests.EUDECRefactoringTest)  Time elapsed: 0.207 secrunTest[EUDEC_ReplacementWithinMacroShouldNotBeTouched_type](ch.hsr.ifs.cdt.namespactor.rtstest.tests.EUDECRefactoringTest)  Time elapsed: 0.252 secrunTest[EUDEC_SameNameInNestedNamespace1](ch.hsr.ifs.cdt.namespactor.rtstest.tests.EUDECRefactoringTest)  Time elapsed: 0.199 secrunTest[EUDEC_SameNameInNestedNamespace2](ch.hsr.ifs.cdt.namespactor.rtstest.tests.EUDECRefactoringTest)  Time elapsed: 0.195 secrunTest[EUDEC_SelectionInTypeDeclarationNoExtract](ch.hsr.ifs.cdt.namespactor.rtstest.tests.EUDECRefactoringTest)  Time elapsed: 0.136 secrunTest[EUDEC_SingleNSSelectionOnCall](ch.hsr.ifs.cdt.namespactor.rtstest.tests.EUDECRefactoringTest)  Time elapsed: 0.137 secrunTest[EUDEC_Templates1](ch.hsr.ifs.cdt.namespactor.rtstest.tests.EUDECRefactoringTest)  Time elapsed: 0.166 secrunTest[EUDEC_Templates2](ch.hsr.ifs.cdt.namespactor.rtstest.tests.EUDECRefactoringTest)  Time elapsed: 0.165 secrunTest[EUDEC_Templates3](ch.hsr.ifs.cdt.namespactor.rtstest.tests.EUDECRefactoringTest)  Time elapsed: 0.192 secrunTest[EUDEC_Templates4NestedNS](ch.hsr.ifs.cdt.namespactor.rtstest.tests.EUDECRefactoringTest)  Time elapsed: 0.22 secrunTest[EUDEC_Templates5](ch.hsr.ifs.cdt.namespactor.rtstest.tests.EUDECRefactoringTest)  Time elapsed: 0.205 secrunTest[EUDEC_TemplatesWithMultipleInheritance](ch.hsr.ifs.cdt.namespactor.rtstest.tests.EUDECRefactoringTest)  Time elapsed: 0.147 secrunTest[EUDEC_Types1](ch.hsr.ifs.cdt.namespactor.rtstest.tests.EUDECRefactoringTest)  Time elapsed: 0.136 secrunTest[EUDEC_Types2](ch.hsr.ifs.cdt.namespactor.rtstest.tests.EUDECRefactoringTest)  Time elapsed: 0.16 secrunTest[EUDEC_Types3](ch.hsr.ifs.cdt.namespactor.rtstest.tests.EUDECRefactoringTest)  Time elapsed: 0.131 secrunTest[EUDEC_Variables1](ch.hsr.ifs.cdt.namespactor.rtstest.tests.EUDECRefactoringTest)  Time elapsed: 0.156 secrunTest[EUDEC_Variables2](ch.hsr.ifs.cdt.namespactor.rtstest.tests.EUDECRefactoringTest)  Time elapsed: 0.169 secrunTest[EUDEC_WithoutNS_in_Name](ch.hsr.ifs.cdt.namespactor.rtstest.tests.EUDECRefactoringTest)  Time elapsed: 0.137 secrunTest[EUDEC_WrongSelection](ch.hsr.ifs.cdt.namespactor.rtstest.tests.EUDECRefactoringTest)  Time elapsed: 0.128 sec