-------------------------------------------------------------------------------
Test set: ch.hsr.ifs.cute.ui.test.AllUiTests
-------------------------------------------------------------------------------
Tests run: 34, Failures: 0, Errors: 0, Skipped: 0, Time elapsed: 26.315 sec
testAddTestFiles(ch.hsr.ifs.cute.ui.test.CuteSuiteWizardHandlerTest)  Time elapsed: 0.31 sectestNewTestFunctionhighlight(ch.hsr.ifs.cute.ui.test.sourceactions.TestBugFixes)  Time elapsed: 2.967 sectestAddFunctorToSuite(ch.hsr.ifs.cute.ui.test.sourceactions.AddTestToSuiteTest)  Time elapsed: 1.268 sectestAddFunctorWithConstructorToSuite(ch.hsr.ifs.cute.ui.test.sourceactions.AddTestToSuiteTest)  Time elapsed: 1.14 sectestAddFunctorWithNonDefaultConstructorToSuite(ch.hsr.ifs.cute.ui.test.sourceactions.AddTestToSuiteTest)  Time elapsed: 1.177 sectestAddFunctionToSuite(ch.hsr.ifs.cute.ui.test.sourceactions.AddTestToSuiteTest)  Time elapsed: 1.3 sectestAddFunctionToSuiteInDirtyEditorChangeBeforeInsertion(ch.hsr.ifs.cute.ui.test.sourceactions.AddTestToSuiteTest)  Time elapsed: 1.974 sectestAddFunctionToSuiteInDirtyEditorChangeBetweenInsertionAndSelection(ch.hsr.ifs.cute.ui.test.sourceactions.AddTestToSuiteTest)  Time elapsed: 1.902 sectestAddFunctionToSuiteInDirtyEditorChangeAfterInsertion(ch.hsr.ifs.cute.ui.test.sourceactions.AddTestToSuiteTest)  Time elapsed: 1.844 sectestAddMemberFunctionInSameFileToSuite(ch.hsr.ifs.cute.ui.test.sourceactions.AddTestToSuiteTest)  Time elapsed: 0.917 sectestAddMemberFunctionToSuite(ch.hsr.ifs.cute.ui.test.sourceactions.AddTestToSuiteTest)  Time elapsed: 1.002 sectestAddQualifiedMemberFunctionToSuite(ch.hsr.ifs.cute.ui.test.sourceactions.AddTestToSuiteTest)  Time elapsed: 1.213 sectestRegisterFunctionWithNewSuite(ch.hsr.ifs.cute.ui.test.sourceactions.AddTestToSuiteTest)  Time elapsed: 0.954 sectestRegisterFunctorWithNewSuite(ch.hsr.ifs.cute.ui.test.sourceactions.AddTestToSuiteTest)  Time elapsed: 0.867 sectestRegisterMemberFunctionWithNewSuite(ch.hsr.ifs.cute.ui.test.sourceactions.AddTestToSuiteTest)  Time elapsed: 0.857 sectestNewTestFunction(ch.hsr.ifs.cute.ui.test.sourceactions.NewTestFunctionTest)  Time elapsed: 1.17 sectestNewTestFunctionChangeBody(ch.hsr.ifs.cute.ui.test.sourceactions.NewTestFunctionTest)  Time elapsed: 1.678 sectestNewTestFunctionMissingSuite(ch.hsr.ifs.cute.ui.test.sourceactions.NewTestFunctionTest)  Time elapsed: 1.026 sectestUnregisteredTestFunctionWithUsingDeclaration(ch.hsr.ifs.cute.ui.test.checkers.UnregisteredTestFunctionCheckerTest)  Time elapsed: 0.11 sectestUnregisteredTestFunctionWithUsingNamespace(ch.hsr.ifs.cute.ui.test.checkers.UnregisteredTestFunctionCheckerTest)  Time elapsed: 0.113 sectestUnregisteredTestFunction(ch.hsr.ifs.cute.ui.test.checkers.UnregisteredTestFunctionCheckerTest)  Time elapsed: 0.103 sectestUnregisteredTestFunctionExternalFile(ch.hsr.ifs.cute.ui.test.checkers.UnregisteredTestFunctionCheckerTest)  Time elapsed: 0.898 sectestRegisteredTestFunction(ch.hsr.ifs.cute.ui.test.checkers.UnregisteredTestFunctionCheckerTest)  Time elapsed: 0.136 sectestRegisteredTestFunctionWithUsingDeclaration(ch.hsr.ifs.cute.ui.test.checkers.UnregisteredTestFunctionCheckerTest)  Time elapsed: 0.158 sectestRegisteredTestFunctionWithUsingNamespace(ch.hsr.ifs.cute.ui.test.checkers.UnregisteredTestFunctionCheckerTest)  Time elapsed: 0.127 sectestNonLocalSuite(ch.hsr.ifs.cute.ui.test.checkers.UnregisteredTestFunctionCheckerTest)  Time elapsed: 0.122 sectestRegisteredTestFunction2(ch.hsr.ifs.cute.ui.test.checkers.UnregisteredTestFunctionCheckerTest)  Time elapsed: 0.113 sectestUnregisteredFunctor(ch.hsr.ifs.cute.ui.test.checkers.UnregisteredTestFunctionCheckerTest)  Time elapsed: 0.097 sectestRegisteredFunctor(ch.hsr.ifs.cute.ui.test.checkers.UnregisteredTestFunctionCheckerTest)  Time elapsed: 0.086 sectestRegisteredMemberFunctionInline(ch.hsr.ifs.cute.ui.test.checkers.UnregisteredTestFunctionCheckerTest)  Time elapsed: 0.115 sectestRegisteredMemberFunctionTypeHierarchy(ch.hsr.ifs.cute.ui.test.checkers.UnregisteredTestFunctionCheckerTest)  Time elapsed: 0.144 sectestUnregisteredMemberFunctionInline(ch.hsr.ifs.cute.ui.test.checkers.UnregisteredTestFunctionCheckerTest)  Time elapsed: 0.129 sectestRegisteredMemberFunction(ch.hsr.ifs.cute.ui.test.checkers.UnregisteredTestFunctionCheckerTest)  Time elapsed: 0.108 sectestUnregisteredMemberFunction(ch.hsr.ifs.cute.ui.test.checkers.UnregisteredTestFunctionCheckerTest)  Time elapsed: 0.122 sec