-------------------------------------------------------------------------------
Test set: ch.hsr.ifs.cute.tdd.ui.tests.AllTests
-------------------------------------------------------------------------------
Tests run: 358, Failures: 0, Errors: 0, Skipped: 0, Time elapsed: 81.88 sec
runTest[Add Integer Argument for Function from Header](ch.hsr.ifs.cute.tdd.ui.tests.refactoring.AddArgumentRefactoringTest)  Time elapsed: 1.372 secrunTest[AddIntegerArgument](ch.hsr.ifs.cute.tdd.ui.tests.refactoring.AddArgumentRefactoringTest)  Time elapsed: 0.33 secrunTest[AddOneIntegerArgument](ch.hsr.ifs.cute.tdd.ui.tests.refactoring.AddArgumentRefactoringTest)  Time elapsed: 0.315 secrunTest[AddTwoIntegerArguments](ch.hsr.ifs.cute.tdd.ui.tests.refactoring.AddArgumentRefactoringTest)  Time elapsed: 0.355 secrunTest[CheckStringandCharArrays](ch.hsr.ifs.cute.tdd.ui.tests.refactoring.AddArgumentRefactoringTest)  Time elapsed: 0.115 secrunTest[DontOfferAddArgsThatCantBeAppended](ch.hsr.ifs.cute.tdd.ui.tests.refactoring.AddArgumentRefactoringTest)  Time elapsed: 0.114 secrunTest[InsertTypeArgument](ch.hsr.ifs.cute.tdd.ui.tests.refactoring.AddArgumentRefactoringTest)  Time elapsed: 0.113 secrunTest[Match Empty Argument List to void](ch.hsr.ifs.cute.tdd.ui.tests.refactoring.AddArgumentRefactoringTest)  Time elapsed: 0.151 secrunTest[RecognizeBasicTypesAsMatchingArguments](ch.hsr.ifs.cute.tdd.ui.tests.refactoring.AddArgumentRefactoringTest)  Time elapsed: 0.331 secrunTest[RecognizeFunctionCalls](ch.hsr.ifs.cute.tdd.ui.tests.refactoring.AddArgumentRefactoringTest)  Time elapsed: 0.324 secrunTest[RecognizeIds](ch.hsr.ifs.cute.tdd.ui.tests.refactoring.AddArgumentRefactoringTest)  Time elapsed: 0.269 secrunTest[Remove Argument for Function from Header](ch.hsr.ifs.cute.tdd.ui.tests.refactoring.AddArgumentRefactoringTest)  Time elapsed: 0.282 secrunTest[Remove Bunch Last Arguments](ch.hsr.ifs.cute.tdd.ui.tests.refactoring.AddArgumentRefactoringTest)  Time elapsed: 0.28 secrunTest[Remove Single Last Argument](ch.hsr.ifs.cute.tdd.ui.tests.refactoring.AddArgumentRefactoringTest)  Time elapsed: 0.276 secrunTest[Test First Candidate](ch.hsr.ifs.cute.tdd.ui.tests.refactoring.AddArgumentRefactoringTest)  Time elapsed: 0.315 secrunTest[TestSecondCandidate](ch.hsr.ifs.cute.tdd.ui.tests.refactoring.AddArgumentRefactoringTest)  Time elapsed: 0.272 secrunTest[TestThirdCandidate](ch.hsr.ifs.cute.tdd.ui.tests.refactoring.AddArgumentRefactoringTest)  Time elapsed: 0.276 secrunTest[CallDefaultInClassFromInside](ch.hsr.ifs.cute.tdd.ui.tests.refactoring.ChangeVisibilityRefactoringTest)  Time elapsed: 0.103 secrunTest[CallDefaultInClassFromOutside](ch.hsr.ifs.cute.tdd.ui.tests.refactoring.ChangeVisibilityRefactoringTest)  Time elapsed: 0.29 secrunTest[CallPrivateInStructFromInside](ch.hsr.ifs.cute.tdd.ui.tests.refactoring.ChangeVisibilityRefactoringTest)  Time elapsed: 0.107 secrunTest[CallPrivateInStructFromOutside](ch.hsr.ifs.cute.tdd.ui.tests.refactoring.ChangeVisibilityRefactoringTest)  Time elapsed: 0.253 secrunTest[Change Visibility in External Header File](ch.hsr.ifs.cute.tdd.ui.tests.refactoring.ChangeVisibilityRefactoringTest)  Time elapsed: 0.355 secrunTest[InsertAtRightPositionStruct](ch.hsr.ifs.cute.tdd.ui.tests.refactoring.ChangeVisibilityRefactoringTest)  Time elapsed: 0.314 secrunTest[No Marker for Access in Non-inline Member](ch.hsr.ifs.cute.tdd.ui.tests.refactoring.ChangeVisibilityRefactoringTest)  Time elapsed: 0.098 secrunTest[No Marker for Member Visible due to Friend Class Declaration](ch.hsr.ifs.cute.tdd.ui.tests.refactoring.ChangeVisibilityRefactoringTest)  Time elapsed: 0.089 secrunTest[No Marker for Member Visible due to Friend Function Declaration](ch.hsr.ifs.cute.tdd.ui.tests.refactoring.ChangeVisibilityRefactoringTest)  Time elapsed: 0.087 secrunTest[NoMarkerForInternalCalls](ch.hsr.ifs.cute.tdd.ui.tests.refactoring.ChangeVisibilityRefactoringTest)  Time elapsed: 0.087 secrunTest[PreserveCommentsWhenHiding](ch.hsr.ifs.cute.tdd.ui.tests.refactoring.ChangeVisibilityRefactoringTest)  Time elapsed: 0.267 secrunTest[PreserveMacrosWhenHiding](ch.hsr.ifs.cute.tdd.ui.tests.refactoring.ChangeVisibilityRefactoringTest)  Time elapsed: 0.238 secrunTest[PrivateFunctionDeclaration](ch.hsr.ifs.cute.tdd.ui.tests.refactoring.ChangeVisibilityRefactoringTest)  Time elapsed: 0.258 secrunTest[PrivateMemberVariable](ch.hsr.ifs.cute.tdd.ui.tests.refactoring.ChangeVisibilityRefactoringTest)  Time elapsed: 0.292 secrunTest[TestChangeInOtherFiles](ch.hsr.ifs.cute.tdd.ui.tests.refactoring.ChangeVisibilityRefactoringTest)  Time elapsed: 0.336 secrunTest[Class in Namespace from Declaration](ch.hsr.ifs.cute.tdd.ui.tests.refactoring.CreateTypeRefactoringTest)  Time elapsed: 0.296 secrunTest[ClassInNamespace](ch.hsr.ifs.cute.tdd.ui.tests.refactoring.CreateTypeRefactoringTest)  Time elapsed: 0.27 secrunTest[CreateClassWithNamespaceAccess](ch.hsr.ifs.cute.tdd.ui.tests.refactoring.CreateTypeRefactoringTest)  Time elapsed: 0.313 secrunTest[CreateFirstOfMultipleNamespace](ch.hsr.ifs.cute.tdd.ui.tests.refactoring.CreateTypeRefactoringTest)  Time elapsed: 0.264 secrunTest[CreateInTotallyEmptyFile](ch.hsr.ifs.cute.tdd.ui.tests.refactoring.CreateTypeRefactoringTest)  Time elapsed: 0.284 secrunTest[CreateSecondOfMultipleNamespace](ch.hsr.ifs.cute.tdd.ui.tests.refactoring.CreateTypeRefactoringTest)  Time elapsed: 0.28 secrunTest[CreateTemplatedGradType](ch.hsr.ifs.cute.tdd.ui.tests.refactoring.CreateTypeRefactoringTest)  Time elapsed: 0.306 secrunTest[CreateTemplatedType](ch.hsr.ifs.cute.tdd.ui.tests.refactoring.CreateTypeRefactoringTest)  Time elapsed: 0.281 secrunTest[CreateTypeFromInheritance](ch.hsr.ifs.cute.tdd.ui.tests.refactoring.CreateTypeRefactoringTest)  Time elapsed: 0.296 secrunTest[CreateTypeOutOfAMemberFunction](ch.hsr.ifs.cute.tdd.ui.tests.refactoring.CreateTypeRefactoringTest)  Time elapsed: 0.269 secrunTest[CreateTypeOutOfAMultiTemplatedFunction](ch.hsr.ifs.cute.tdd.ui.tests.refactoring.CreateTypeRefactoringTest)  Time elapsed: 0.289 secrunTest[CreateTypeOutOfATemplatedFunction](ch.hsr.ifs.cute.tdd.ui.tests.refactoring.CreateTypeRefactoringTest)  Time elapsed: 0.262 secrunTest[CreateTypeOutOfATemplatedMemberFunction](ch.hsr.ifs.cute.tdd.ui.tests.refactoring.CreateTypeRefactoringTest)  Time elapsed: 0.277 secrunTest[CreateTypeOutOfATemplatedMemberFunctionInsideATemplatedClass](ch.hsr.ifs.cute.tdd.ui.tests.refactoring.CreateTypeRefactoringTest)  Time elapsed: 0.306 secrunTest[TestBug232](ch.hsr.ifs.cute.tdd.ui.tests.refactoring.CreateTypeRefactoringTest)  Time elapsed: 0.267 secrunTest[TestCallDefaultContructor](ch.hsr.ifs.cute.tdd.ui.tests.refactoring.CreateTypeRefactoringTest)  Time elapsed: 0.255 secrunTest[TestDetectMarker](ch.hsr.ifs.cute.tdd.ui.tests.refactoring.CreateTypeRefactoringTest)  Time elapsed: 0.272 secrunTest[Composite Type Specifier Declaration](ch.hsr.ifs.cute.tdd.ui.tests.refactoring.CreateConstructorRefactoringTest)  Time elapsed: 0.277 secrunTest[Constructor for Multiple Declarators](ch.hsr.ifs.cute.tdd.ui.tests.refactoring.CreateConstructorRefactoringTest)  Time elapsed: 0.289 secrunTest[Constructor for Qualified Name](ch.hsr.ifs.cute.tdd.ui.tests.refactoring.CreateConstructorRefactoringTest)  Time elapsed: 0.296 secrunTest[ConstructorWithTemplate](ch.hsr.ifs.cute.tdd.ui.tests.refactoring.CreateConstructorRefactoringTest)  Time elapsed: 0.306 secrunTest[Create Constructor from Chained Function Call Expression](ch.hsr.ifs.cute.tdd.ui.tests.refactoring.CreateConstructorRefactoringTest)  Time elapsed: 0.261 secrunTest[Create Constructor from Function Call Expression](ch.hsr.ifs.cute.tdd.ui.tests.refactoring.CreateConstructorRefactoringTest)  Time elapsed: 0.3 secrunTest[Default Ctor Needed](ch.hsr.ifs.cute.tdd.ui.tests.refactoring.CreateConstructorRefactoringTest)  Time elapsed: 0.294 secrunTest[Find Constructor from Function Call Expression](ch.hsr.ifs.cute.tdd.ui.tests.refactoring.CreateConstructorRefactoringTest)  Time elapsed: 0.1 secrunTest[Find Implicit Constructor for Typedef Template](ch.hsr.ifs.cute.tdd.ui.tests.refactoring.CreateConstructorRefactoringTest)  Time elapsed: 0.116 secrunTest[Find Matching Constructor](ch.hsr.ifs.cute.tdd.ui.tests.refactoring.CreateConstructorRefactoringTest)  Time elapsed: 0.102 secrunTest[Local Composite Type Specifier Declaration](ch.hsr.ifs.cute.tdd.ui.tests.refactoring.CreateConstructorRefactoringTest)  Time elapsed: 0.307 secrunTest[MultipleArgumentsJustOneParam](ch.hsr.ifs.cute.tdd.ui.tests.refactoring.CreateConstructorRefactoringTest)  Time elapsed: 0.276 secrunTest[No Constructor Suggestion for Template Parameter Type](ch.hsr.ifs.cute.tdd.ui.tests.refactoring.CreateConstructorRefactoringTest)  Time elapsed: 0.113 secrunTest[No Constructor Suggestion for Unknown Type](ch.hsr.ifs.cute.tdd.ui.tests.refactoring.CreateConstructorRefactoringTest)  Time elapsed: 0.097 secrunTest[No Constructor for Array](ch.hsr.ifs.cute.tdd.ui.tests.refactoring.CreateConstructorRefactoringTest)  Time elapsed: 0.103 secrunTest[No Constructor for Composite Type Member](ch.hsr.ifs.cute.tdd.ui.tests.refactoring.CreateConstructorRefactoringTest)  Time elapsed: 0.106 secrunTest[No Constructor for Defaulted Init-List - C++11](ch.hsr.ifs.cute.tdd.ui.tests.refactoring.CreateConstructorRefactoringTest)  Time elapsed: 0.133 secrunTest[No Constructor for Extern Declaration](ch.hsr.ifs.cute.tdd.ui.tests.refactoring.CreateConstructorRefactoringTest)  Time elapsed: 0.112 secrunTest[No Constructor for Function Declaration](ch.hsr.ifs.cute.tdd.ui.tests.refactoring.CreateConstructorRefactoringTest)  Time elapsed: 0.097 secrunTest[No Constructor for Function Declaration with Parameter](ch.hsr.ifs.cute.tdd.ui.tests.refactoring.CreateConstructorRefactoringTest)  Time elapsed: 0.102 secrunTest[No Constructor for Pointer Initialization](ch.hsr.ifs.cute.tdd.ui.tests.refactoring.CreateConstructorRefactoringTest)  Time elapsed: 0.1 secrunTest[No Constructor for Reference Initialization](ch.hsr.ifs.cute.tdd.ui.tests.refactoring.CreateConstructorRefactoringTest)  Time elapsed: 0.135 secrunTest[No Constructor for Typdef Pointer Initialization](ch.hsr.ifs.cute.tdd.ui.tests.refactoring.CreateConstructorRefactoringTest)  Time elapsed: 0.114 secrunTest[No Constructor for Typedef Anonymous Type Specifier in Variable Declaration](ch.hsr.ifs.cute.tdd.ui.tests.refactoring.CreateConstructorRefactoringTest)  Time elapsed: 0.107 secrunTest[No Constructor for Typedef Enum](ch.hsr.ifs.cute.tdd.ui.tests.refactoring.CreateConstructorRefactoringTest)  Time elapsed: 0.115 secrunTest[No Constructor for Typedef Reference Initialization](ch.hsr.ifs.cute.tdd.ui.tests.refactoring.CreateConstructorRefactoringTest)  Time elapsed: 0.095 secrunTest[No Constructor for Typedef Type Specifier in Variable Declaration](ch.hsr.ifs.cute.tdd.ui.tests.refactoring.CreateConstructorRefactoringTest)  Time elapsed: 0.102 secrunTest[No Constructor for Typedef of Fundamental Type](ch.hsr.ifs.cute.tdd.ui.tests.refactoring.CreateConstructorRefactoringTest)  Time elapsed: 0.106 secrunTest[No Marker for Equal Initializer](ch.hsr.ifs.cute.tdd.ui.tests.refactoring.CreateConstructorRefactoringTest)  Time elapsed: 0.113 secrunTest[No Marker for Existing but by CDT Undiscoverable Template Constructor](ch.hsr.ifs.cute.tdd.ui.tests.refactoring.CreateConstructorRefactoringTest)  Time elapsed: 0.129 secrunTest[OneArgMultipleParam](ch.hsr.ifs.cute.tdd.ui.tests.refactoring.CreateConstructorRefactoringTest)  Time elapsed: 0.276 secrunTest[SameParameterLength](ch.hsr.ifs.cute.tdd.ui.tests.refactoring.CreateConstructorRefactoringTest)  Time elapsed: 0.243 secrunTest[Simple int Parameter in Header File](ch.hsr.ifs.cute.tdd.ui.tests.refactoring.CreateConstructorRefactoringTest)  Time elapsed: 0.261 secrunTest[SimpleDouble](ch.hsr.ifs.cute.tdd.ui.tests.refactoring.CreateConstructorRefactoringTest)  Time elapsed: 0.272 secrunTest[SimpleInt](ch.hsr.ifs.cute.tdd.ui.tests.refactoring.CreateConstructorRefactoringTest)  Time elapsed: 0.252 secrunTest[TypeArgument](ch.hsr.ifs.cute.tdd.ui.tests.refactoring.CreateConstructorRefactoringTest)  Time elapsed: 0.258 secrunTest[Typedef Ctor Required](ch.hsr.ifs.cute.tdd.ui.tests.refactoring.CreateConstructorRefactoringTest)  Time elapsed: 0.248 secrunTest[ASSERTOperatorDetectionBinary](ch.hsr.ifs.cute.tdd.ui.tests.refactoring.CreateFreeOperatorRefactoringTest)  Time elapsed: 0.301 secrunTest[ASSERT_EQUALSOperatorDetectionBinary](ch.hsr.ifs.cute.tdd.ui.tests.refactoring.CreateFreeOperatorRefactoringTest)  Time elapsed: 0.319 secrunTest[ASSERT_EQUALS_DELTA_M_Operator_DetectionBinary](ch.hsr.ifs.cute.tdd.ui.tests.refactoring.CreateFreeOperatorRefactoringTest)  Time elapsed: 0.282 secrunTest[ASSERT_EQUALS_DELTA_M_Operator_DetectionUnary](ch.hsr.ifs.cute.tdd.ui.tests.refactoring.CreateFreeOperatorRefactoringTest)  Time elapsed: 0.32 secrunTest[ASSERT_EQUALS_DELTA_Operator_DetectionBinary](ch.hsr.ifs.cute.tdd.ui.tests.refactoring.CreateFreeOperatorRefactoringTest)  Time elapsed: 0.277 secrunTest[ASSERT_EQUALS_DELTA_Operator_DetectionUnary](ch.hsr.ifs.cute.tdd.ui.tests.refactoring.CreateFreeOperatorRefactoringTest)  Time elapsed: 0.316 secrunTest[ASSERT_EQUALS_Free_OperatorDetectionUnary](ch.hsr.ifs.cute.tdd.ui.tests.refactoring.CreateFreeOperatorRefactoringTest)  Time elapsed: 0.308 secrunTest[ASSERT_FreeOperatorUnary](ch.hsr.ifs.cute.tdd.ui.tests.refactoring.CreateFreeOperatorRefactoringTest)  Time elapsed: 0.294 secrunTest[Create Output Operator](ch.hsr.ifs.cute.tdd.ui.tests.refactoring.CreateFreeOperatorRefactoringTest)  Time elapsed: 0.245 secrunTest[Do Not Report Assign Operator for Pointer Types](ch.hsr.ifs.cute.tdd.ui.tests.refactoring.CreateFreeOperatorRefactoringTest)  Time elapsed: 0.089 secrunTest[Do Not Report Deref Operator for Pointer Types](ch.hsr.ifs.cute.tdd.ui.tests.refactoring.CreateFreeOperatorRefactoringTest)  Time elapsed: 0.095 secrunTest[Free Postfix Increment Operator](ch.hsr.ifs.cute.tdd.ui.tests.refactoring.CreateFreeOperatorRefactoringTest)  Time elapsed: 0.256 secrunTest[Free Prefix Increment Operator](ch.hsr.ifs.cute.tdd.ui.tests.refactoring.CreateFreeOperatorRefactoringTest)  Time elapsed: 0.244 secrunTest[HandleFreeTypeDefCorrectly](ch.hsr.ifs.cute.tdd.ui.tests.refactoring.CreateFreeOperatorRefactoringTest)  Time elapsed: 0.257 secrunTest[TestFreeAssignmentWithBase](ch.hsr.ifs.cute.tdd.ui.tests.refactoring.CreateFreeOperatorRefactoringTest)  Time elapsed: 0.246 secrunTest[TestFreeAssignmentWithClass](ch.hsr.ifs.cute.tdd.ui.tests.refactoring.CreateFreeOperatorRefactoringTest)  Time elapsed: 0.258 secrunTest[Array Parameter](ch.hsr.ifs.cute.tdd.ui.tests.refactoring.CreateFunctionParameterRefactoringTest)  Time elapsed: 0.455 secrunTest[CUTEAssertEqualFunctionParameter](ch.hsr.ifs.cute.tdd.ui.tests.refactoring.CreateFunctionParameterRefactoringTest)  Time elapsed: 0.329 secrunTest[ClassAsArgument](ch.hsr.ifs.cute.tdd.ui.tests.refactoring.CreateFunctionParameterRefactoringTest)  Time elapsed: 0.341 secrunTest[Const Char Pointer from Non-Literal](ch.hsr.ifs.cute.tdd.ui.tests.refactoring.CreateFunctionParameterRefactoringTest)  Time elapsed: 0.32 secrunTest[Const Pointer Parameter](ch.hsr.ifs.cute.tdd.ui.tests.refactoring.CreateFunctionParameterRefactoringTest)  Time elapsed: 0.28 secrunTest[Const Pointer to Const Parameter](ch.hsr.ifs.cute.tdd.ui.tests.refactoring.CreateFunctionParameterRefactoringTest)  Time elapsed: 0.335 secrunTest[Const Volatile Pointer Parameter](ch.hsr.ifs.cute.tdd.ui.tests.refactoring.CreateFunctionParameterRefactoringTest)  Time elapsed: 0.261 secrunTest[Create Constructor Call of typedef-Type](ch.hsr.ifs.cute.tdd.ui.tests.refactoring.CreateFunctionParameterRefactoringTest)  Time elapsed: 0.248 secrunTest[Create typedef-Returntype Parameter](ch.hsr.ifs.cute.tdd.ui.tests.refactoring.CreateFunctionParameterRefactoringTest)  Time elapsed: 0.253 secrunTest[Create typedef-Type Parameter](ch.hsr.ifs.cute.tdd.ui.tests.refactoring.CreateFunctionParameterRefactoringTest)  Time elapsed: 0.324 secrunTest[NestedFunctionWithParameter](ch.hsr.ifs.cute.tdd.ui.tests.refactoring.CreateFunctionParameterRefactoringTest)  Time elapsed: 0.355 secrunTest[ParametersWithSameName](ch.hsr.ifs.cute.tdd.ui.tests.refactoring.CreateFunctionParameterRefactoringTest)  Time elapsed: 0.242 secrunTest[Pointer Parameter](ch.hsr.ifs.cute.tdd.ui.tests.refactoring.CreateFunctionParameterRefactoringTest)  Time elapsed: 0.243 secrunTest[Pointer Parameter from Expression](ch.hsr.ifs.cute.tdd.ui.tests.refactoring.CreateFunctionParameterRefactoringTest)  Time elapsed: 0.262 secrunTest[Pointer Pointer Parameter](ch.hsr.ifs.cute.tdd.ui.tests.refactoring.CreateFunctionParameterRefactoringTest)  Time elapsed: 0.247 secrunTest[Pointer to Const Parameter](ch.hsr.ifs.cute.tdd.ui.tests.refactoring.CreateFunctionParameterRefactoringTest)  Time elapsed: 0.23 secrunTest[Pointer to Const Volatile Parameter](ch.hsr.ifs.cute.tdd.ui.tests.refactoring.CreateFunctionParameterRefactoringTest)  Time elapsed: 0.257 secrunTest[ReplaceFunctionMacro](ch.hsr.ifs.cute.tdd.ui.tests.refactoring.CreateFunctionParameterRefactoringTest)  Time elapsed: 0.248 secrunTest[ReplaceFunctionNameMacro](ch.hsr.ifs.cute.tdd.ui.tests.refactoring.CreateFunctionParameterRefactoringTest)  Time elapsed: 0.248 secrunTest[SameSymbolMultipleTimes](ch.hsr.ifs.cute.tdd.ui.tests.refactoring.CreateFunctionParameterRefactoringTest)  Time elapsed: 0.261 secrunTest[SingleParameterChar](ch.hsr.ifs.cute.tdd.ui.tests.refactoring.CreateFunctionParameterRefactoringTest)  Time elapsed: 0.236 secrunTest[SingleParameterDouble](ch.hsr.ifs.cute.tdd.ui.tests.refactoring.CreateFunctionParameterRefactoringTest)  Time elapsed: 0.246 secrunTest[SingleParameterFalse](ch.hsr.ifs.cute.tdd.ui.tests.refactoring.CreateFunctionParameterRefactoringTest)  Time elapsed: 0.302 secrunTest[SingleParameterInt](ch.hsr.ifs.cute.tdd.ui.tests.refactoring.CreateFunctionParameterRefactoringTest)  Time elapsed: 0.238 secrunTest[SingleParameterString](ch.hsr.ifs.cute.tdd.ui.tests.refactoring.CreateFunctionParameterRefactoringTest)  Time elapsed: 0.247 secrunTest[SingleParameterThis](ch.hsr.ifs.cute.tdd.ui.tests.refactoring.CreateFunctionParameterRefactoringTest)  Time elapsed: 0.262 secrunTest[SingleParameterTrue](ch.hsr.ifs.cute.tdd.ui.tests.refactoring.CreateFunctionParameterRefactoringTest)  Time elapsed: 0.242 secrunTest[String Array Parameter (Local Definition of std::string)](ch.hsr.ifs.cute.tdd.ui.tests.refactoring.CreateFunctionParameterRefactoringTest)  Time elapsed: 0.227 secrunTest[SymbolAsArgument](ch.hsr.ifs.cute.tdd.ui.tests.refactoring.CreateFunctionParameterRefactoringTest)  Time elapsed: 0.241 secrunTest[TestNotYetDefinedVariables](ch.hsr.ifs.cute.tdd.ui.tests.refactoring.CreateFunctionParameterRefactoringTest)  Time elapsed: 0.263 secrunTest[TwiceSameClassAsArgument](ch.hsr.ifs.cute.tdd.ui.tests.refactoring.CreateFunctionParameterRefactoringTest)  Time elapsed: 0.249 secrunTest[TwoDifferentParameters](ch.hsr.ifs.cute.tdd.ui.tests.refactoring.CreateFunctionParameterRefactoringTest)  Time elapsed: 0.226 secrunTest[TwoSameParameters](ch.hsr.ifs.cute.tdd.ui.tests.refactoring.CreateFunctionParameterRefactoringTest)  Time elapsed: 0.262 secrunTest[TestAdvancedMacro](ch.hsr.ifs.cute.tdd.ui.tests.refactoring.CreateFunctionRefactoringTest)  Time elapsed: 0.25 secrunTest[TestBooleanReturnTypeDetectionInMacro](ch.hsr.ifs.cute.tdd.ui.tests.refactoring.CreateFunctionRefactoringTest)  Time elapsed: 0.268 secrunTest[TestCUTEMacroFunctionCreation_ASSERT](ch.hsr.ifs.cute.tdd.ui.tests.refactoring.CreateFunctionRefactoringTest)  Time elapsed: 0.272 secrunTest[TestCUTEMacroFunctionCreation_ASSERT_EQUALS](ch.hsr.ifs.cute.tdd.ui.tests.refactoring.CreateFunctionRefactoringTest)  Time elapsed: 0.387 secrunTest[TestCUTEMacroFunctionCreation_ASSERT_EQUALS_DELTA](ch.hsr.ifs.cute.tdd.ui.tests.refactoring.CreateFunctionRefactoringTest)  Time elapsed: 0.311 secrunTest[TestCUTEMacroFunctionCreation_ASSERT_EQUALS_DELTA_M](ch.hsr.ifs.cute.tdd.ui.tests.refactoring.CreateFunctionRefactoringTest)  Time elapsed: 0.25 secrunTest[TestFreeFunctionWorks](ch.hsr.ifs.cute.tdd.ui.tests.refactoring.CreateFunctionRefactoringTest)  Time elapsed: 0.251 secrunTest[TestFreeInt](ch.hsr.ifs.cute.tdd.ui.tests.refactoring.CreateFunctionRefactoringTest)  Time elapsed: 0.269 secrunTest[TestFreeOwnClass](ch.hsr.ifs.cute.tdd.ui.tests.refactoring.CreateFunctionRefactoringTest)  Time elapsed: 0.326 secrunTest[TestReturnTypeDetectionInMacro](ch.hsr.ifs.cute.tdd.ui.tests.refactoring.CreateFunctionRefactoringTest)  Time elapsed: 0.26 secrunTest[TestSimpleMacro](ch.hsr.ifs.cute.tdd.ui.tests.refactoring.CreateFunctionRefactoringTest)  Time elapsed: 0.252 secrunTest[CreateVariableIfFieldref](ch.hsr.ifs.cute.tdd.ui.tests.refactoring.CreateLocalVariableRefactoringTest)  Time elapsed: 0.245 secrunTest[Local Variable from First Statement in Scope](ch.hsr.ifs.cute.tdd.ui.tests.refactoring.CreateLocalVariableRefactoringTest)  Time elapsed: 0.251 secrunTest[NamedTypeVariable](ch.hsr.ifs.cute.tdd.ui.tests.refactoring.CreateLocalVariableRefactoringTest)  Time elapsed: 0.228 secrunTest[No Suggestion for Static Member Access](ch.hsr.ifs.cute.tdd.ui.tests.refactoring.CreateLocalVariableRefactoringTest)  Time elapsed: 0.099 secrunTest[No Variable for Non-typedef Enum Assignment](ch.hsr.ifs.cute.tdd.ui.tests.refactoring.CreateLocalVariableRefactoringTest)  Time elapsed: 0.096 secrunTest[SimpleMacro](ch.hsr.ifs.cute.tdd.ui.tests.refactoring.CreateLocalVariableRefactoringTest)  Time elapsed: 0.25 secrunTest[TestCUTEMacroVariableCreation_ASSERT](ch.hsr.ifs.cute.tdd.ui.tests.refactoring.CreateLocalVariableRefactoringTest)  Time elapsed: 0.298 secrunTest[TestCUTEMacroVariableCreation_ASSERT_EQUALS](ch.hsr.ifs.cute.tdd.ui.tests.refactoring.CreateLocalVariableRefactoringTest)  Time elapsed: 0.341 secrunTest[TestCUTEMacroVariableCreation_ASSERT_EQUALS_DELTA](ch.hsr.ifs.cute.tdd.ui.tests.refactoring.CreateLocalVariableRefactoringTest)  Time elapsed: 0.279 secrunTest[TestCUTEMacroVariableCreation_ASSERT_EQUALS_DELTA_M](ch.hsr.ifs.cute.tdd.ui.tests.refactoring.CreateLocalVariableRefactoringTest)  Time elapsed: 0.25 secrunTest[TestNamedTypeVariableCreation](ch.hsr.ifs.cute.tdd.ui.tests.refactoring.CreateLocalVariableRefactoringTest)  Time elapsed: 0.267 secrunTest[TestSimpleVariableCreation](ch.hsr.ifs.cute.tdd.ui.tests.refactoring.CreateLocalVariableRefactoringTest)  Time elapsed: 0.233 secrunTest[AdvancedPrivateClass](ch.hsr.ifs.cute.tdd.ui.tests.refactoring.CreateMemberFunctionRefactoringTest)  Time elapsed: 0.244 secrunTest[CUTEAssertEqualMemberWithParameter](ch.hsr.ifs.cute.tdd.ui.tests.refactoring.CreateMemberFunctionRefactoringTest)  Time elapsed: 0.257 secrunTest[Create Member Function for Type of Call Expression](ch.hsr.ifs.cute.tdd.ui.tests.refactoring.CreateMemberFunctionRefactoringTest)  Time elapsed: 0.236 secrunTest[Create Member Function in Type from Header](ch.hsr.ifs.cute.tdd.ui.tests.refactoring.CreateMemberFunctionRefactoringTest)  Time elapsed: 0.287 secrunTest[Create Member Function in Type in local TU](ch.hsr.ifs.cute.tdd.ui.tests.refactoring.CreateMemberFunctionRefactoringTest)  Time elapsed: 0.321 secrunTest[Create Member Function in Typedefed Typedef Type](ch.hsr.ifs.cute.tdd.ui.tests.refactoring.CreateMemberFunctionRefactoringTest)  Time elapsed: 0.252 secrunTest[Create Member Function with One Argument and Return Type](ch.hsr.ifs.cute.tdd.ui.tests.refactoring.CreateMemberFunctionRefactoringTest)  Time elapsed: 0.285 secrunTest[Create Namespace Member Function](ch.hsr.ifs.cute.tdd.ui.tests.refactoring.CreateMemberFunctionRefactoringTest)  Time elapsed: 0.233 secrunTest[Create Namespace Member Function in Header](ch.hsr.ifs.cute.tdd.ui.tests.refactoring.CreateMemberFunctionRefactoringTest)  Time elapsed: 0.279 secrunTest[MemberWithParameter](ch.hsr.ifs.cute.tdd.ui.tests.refactoring.CreateMemberFunctionRefactoringTest)  Time elapsed: 0.239 secrunTest[No Suggestion for Members of Fundamental Types](ch.hsr.ifs.cute.tdd.ui.tests.refactoring.CreateMemberFunctionRefactoringTest)  Time elapsed: 0.089 secrunTest[PrivateClassInsertion](ch.hsr.ifs.cute.tdd.ui.tests.refactoring.CreateMemberFunctionRefactoringTest)  Time elapsed: 0.233 secrunTest[StructPublicPartIfExiplicit](ch.hsr.ifs.cute.tdd.ui.tests.refactoring.CreateMemberFunctionRefactoringTest)  Time elapsed: 0.266 secrunTest[TestAssignmentMemberFunction](ch.hsr.ifs.cute.tdd.ui.tests.refactoring.CreateMemberFunctionRefactoringTest)  Time elapsed: 0.234 secrunTest[TestCUTEMacroFunctionCreation_ASSERT](ch.hsr.ifs.cute.tdd.ui.tests.refactoring.CreateMemberFunctionRefactoringTest)  Time elapsed: 0.289 secrunTest[TestCUTEMacroFunctionCreation_ASSERT_EQUALS](ch.hsr.ifs.cute.tdd.ui.tests.refactoring.CreateMemberFunctionRefactoringTest)  Time elapsed: 0.263 secrunTest[TestCUTEMacroFunctionCreation_ASSERT_EQUALS_DELTA](ch.hsr.ifs.cute.tdd.ui.tests.refactoring.CreateMemberFunctionRefactoringTest)  Time elapsed: 0.265 secrunTest[TestCUTEMacroFunctionCreation_ASSERT_EQUALS_DELTA_M](ch.hsr.ifs.cute.tdd.ui.tests.refactoring.CreateMemberFunctionRefactoringTest)  Time elapsed: 0.296 secrunTest[TestOtherFileMember](ch.hsr.ifs.cute.tdd.ui.tests.refactoring.CreateMemberFunctionRefactoringTest)  Time elapsed: 0.31 secrunTest[TestSimpleMacro](ch.hsr.ifs.cute.tdd.ui.tests.refactoring.CreateMemberFunctionRefactoringTest)  Time elapsed: 0.29 secrunTest[TestSimpleMemberFunction](ch.hsr.ifs.cute.tdd.ui.tests.refactoring.CreateMemberFunctionRefactoringTest)  Time elapsed: 0.433 secrunTest[ConstructorCallInInitializerClause](ch.hsr.ifs.cute.tdd.ui.tests.refactoring.CreateMemberVariableRefactoringTest)  Time elapsed: 0.319 secrunTest[Correct Recognition of Static Member Variable](ch.hsr.ifs.cute.tdd.ui.tests.refactoring.CreateMemberVariableRefactoringTest)  Time elapsed: 0.105 secrunTest[Create Integer Array](ch.hsr.ifs.cute.tdd.ui.tests.refactoring.CreateMemberVariableRefactoringTest)  Time elapsed: 0.283 secrunTest[Create Member From This](ch.hsr.ifs.cute.tdd.ui.tests.refactoring.CreateMemberVariableRefactoringTest)  Time elapsed: 0.284 secrunTest[Create Member Variable from Access in Assignment with Unary Operation](ch.hsr.ifs.cute.tdd.ui.tests.refactoring.CreateMemberVariableRefactoringTest)  Time elapsed: 0.266 secrunTest[Create Member Variable from Access in Simple Declaration with Unary Operation](ch.hsr.ifs.cute.tdd.ui.tests.refactoring.CreateMemberVariableRefactoringTest)  Time elapsed: 0.313 secrunTest[Create Member Variable from Initializer List with Literal](ch.hsr.ifs.cute.tdd.ui.tests.refactoring.CreateMemberVariableRefactoringTest)  Time elapsed: 0.266 secrunTest[Create Member Variable in Namespace](ch.hsr.ifs.cute.tdd.ui.tests.refactoring.CreateMemberVariableRefactoringTest)  Time elapsed: 0.273 secrunTest[Create Member Variable in Type from Header](ch.hsr.ifs.cute.tdd.ui.tests.refactoring.CreateMemberVariableRefactoringTest)  Time elapsed: 0.371 secrunTest[Create Static Member Variable for Assignment](ch.hsr.ifs.cute.tdd.ui.tests.refactoring.CreateMemberVariableRefactoringTest)  Time elapsed: 0.328 secrunTest[Create String Array Not Possible Assume Int](ch.hsr.ifs.cute.tdd.ui.tests.refactoring.CreateMemberVariableRefactoringTest)  Time elapsed: 0.245 secrunTest[Create Type Array](ch.hsr.ifs.cute.tdd.ui.tests.refactoring.CreateMemberVariableRefactoringTest)  Time elapsed: 0.262 secrunTest[CreateBasicTypeMemberFromThis](ch.hsr.ifs.cute.tdd.ui.tests.refactoring.CreateMemberVariableRefactoringTest)  Time elapsed: 0.292 secrunTest[CreateBasicTypeMemberFromThisReference](ch.hsr.ifs.cute.tdd.ui.tests.refactoring.CreateMemberVariableRefactoringTest)  Time elapsed: 0.256 secrunTest[CreateMemberOutOfCompoundAssignment](ch.hsr.ifs.cute.tdd.ui.tests.refactoring.CreateMemberVariableRefactoringTest)  Time elapsed: 0.239 secrunTest[CreatePublicMemberForClass](ch.hsr.ifs.cute.tdd.ui.tests.refactoring.CreateMemberVariableRefactoringTest)  Time elapsed: 0.239 secrunTest[CreateStringMemberFromThisPointerReference](ch.hsr.ifs.cute.tdd.ui.tests.refactoring.CreateMemberVariableRefactoringTest)  Time elapsed: 0.235 secrunTest[CreateStringMemberFromThisReference](ch.hsr.ifs.cute.tdd.ui.tests.refactoring.CreateMemberVariableRefactoringTest)  Time elapsed: 0.279 secrunTest[Do not Create Member Variable for Namespace](ch.hsr.ifs.cute.tdd.ui.tests.refactoring.CreateMemberVariableRefactoringTest)  Time elapsed: 0.123 secrunTest[Do not Create Static Member Variable for Call](ch.hsr.ifs.cute.tdd.ui.tests.refactoring.CreateMemberVariableRefactoringTest)  Time elapsed: 0.127 secrunTest[InitializerListInitializer](ch.hsr.ifs.cute.tdd.ui.tests.refactoring.CreateMemberVariableRefactoringTest)  Time elapsed: 0.314 secrunTest[No Marker for Qualified Function Calls](ch.hsr.ifs.cute.tdd.ui.tests.refactoring.CreateMemberVariableRefactoringTest)  Time elapsed: 0.1 secrunTest[No Marker for TemplateId](ch.hsr.ifs.cute.tdd.ui.tests.refactoring.CreateMemberVariableRefactoringTest)  Time elapsed: 0.097 secrunTest[TemplateInitializer](ch.hsr.ifs.cute.tdd.ui.tests.refactoring.CreateMemberVariableRefactoringTest)  Time elapsed: 0.246 secrunTest[TestCreateMemberVariableFromCall](ch.hsr.ifs.cute.tdd.ui.tests.refactoring.CreateMemberVariableRefactoringTest)  Time elapsed: 0.256 secrunTest[TestCreateMemberVariableFromCallWithType](ch.hsr.ifs.cute.tdd.ui.tests.refactoring.CreateMemberVariableRefactoringTest)  Time elapsed: 0.256 secrunTest[TestCreateMemberVariableFromInitializerList](ch.hsr.ifs.cute.tdd.ui.tests.refactoring.CreateMemberVariableRefactoringTest)  Time elapsed: 0.273 secrunTest[TestCreateMemberVariableFromInitializerListWithType](ch.hsr.ifs.cute.tdd.ui.tests.refactoring.CreateMemberVariableRefactoringTest)  Time elapsed: 0.239 secrunTest[NamespaceCreationInClass](ch.hsr.ifs.cute.tdd.ui.tests.refactoring.CreateNamespaceRefactoringTest)  Time elapsed: 0.222 secrunTest[NestedNamespaceCreation](ch.hsr.ifs.cute.tdd.ui.tests.refactoring.CreateNamespaceRefactoringTest)  Time elapsed: 0.266 secrunTest[No Marker for TemplateId](ch.hsr.ifs.cute.tdd.ui.tests.refactoring.CreateNamespaceRefactoringTest)  Time elapsed: 0.094 secrunTest[SingleNamespaceCreation](ch.hsr.ifs.cute.tdd.ui.tests.refactoring.CreateNamespaceRefactoringTest)  Time elapsed: 0.267 secrunTest[ASSERTOperatorDetectionBinary](ch.hsr.ifs.cute.tdd.ui.tests.refactoring.CreateOperatorRefactoringTest)  Time elapsed: 0.3 secrunTest[ASSERTOperatorDetectionUnary](ch.hsr.ifs.cute.tdd.ui.tests.refactoring.CreateOperatorRefactoringTest)  Time elapsed: 0.274 secrunTest[ASSERT_EQUALSOperatorDetectionBinary](ch.hsr.ifs.cute.tdd.ui.tests.refactoring.CreateOperatorRefactoringTest)  Time elapsed: 0.347 secrunTest[ASSERT_EQUALSOperatorDetectionUnary](ch.hsr.ifs.cute.tdd.ui.tests.refactoring.CreateOperatorRefactoringTest)  Time elapsed: 0.31 secrunTest[ASSERT_EQUALS_DELTA Operator Unary with Double Result](ch.hsr.ifs.cute.tdd.ui.tests.refactoring.CreateOperatorRefactoringTest)  Time elapsed: 0.301 secrunTest[ASSERT_EQUALS_DELTA_M_Operator_DetectionBinary](ch.hsr.ifs.cute.tdd.ui.tests.refactoring.CreateOperatorRefactoringTest)  Time elapsed: 0.276 secrunTest[ASSERT_EQUALS_DELTA_M_Operator_DetectionUnary](ch.hsr.ifs.cute.tdd.ui.tests.refactoring.CreateOperatorRefactoringTest)  Time elapsed: 0.26 secrunTest[ASSERT_EQUALS_DELTA_Operator_DetectionBinary](ch.hsr.ifs.cute.tdd.ui.tests.refactoring.CreateOperatorRefactoringTest)  Time elapsed: 0.267 secrunTest[ASSERT_EQUALS_DELTA_Operator_DetectionUnary](ch.hsr.ifs.cute.tdd.ui.tests.refactoring.CreateOperatorRefactoringTest)  Time elapsed: 0.244 secrunTest[BinaryOperatorTest](ch.hsr.ifs.cute.tdd.ui.tests.refactoring.CreateOperatorRefactoringTest)  Time elapsed: 0.239 secrunTest[BoostOperatorDetectionPrefix](ch.hsr.ifs.cute.tdd.ui.tests.refactoring.CreateOperatorRefactoringTest)  Time elapsed: 0.256 secrunTest[Do Not Report Deref Operator for Pointer Types](ch.hsr.ifs.cute.tdd.ui.tests.refactoring.CreateOperatorRefactoringTest)  Time elapsed: 0.096 secrunTest[Do Not Report If Operand Not Defined in Binary Expression](ch.hsr.ifs.cute.tdd.ui.tests.refactoring.CreateOperatorRefactoringTest)  Time elapsed: 0.099 secrunTest[Do Not Report Not Operator for Pointer Types](ch.hsr.ifs.cute.tdd.ui.tests.refactoring.CreateOperatorRefactoringTest)  Time elapsed: 0.1 secrunTest[Do Not Report Postfix Decrement Operator for Pointer Types](ch.hsr.ifs.cute.tdd.ui.tests.refactoring.CreateOperatorRefactoringTest)  Time elapsed: 0.104 secrunTest[Do Not Report Postfix Increment Operator for Pointer Types](ch.hsr.ifs.cute.tdd.ui.tests.refactoring.CreateOperatorRefactoringTest)  Time elapsed: 0.098 secrunTest[Do Not Report Prefix Decrement Operator for Pointer Types](ch.hsr.ifs.cute.tdd.ui.tests.refactoring.CreateOperatorRefactoringTest)  Time elapsed: 0.106 secrunTest[Do Not Report Prefix Increment Operator for Pointer Types](ch.hsr.ifs.cute.tdd.ui.tests.refactoring.CreateOperatorRefactoringTest)  Time elapsed: 0.099 secrunTest[DoNotReportIfOperandNotDefined](ch.hsr.ifs.cute.tdd.ui.tests.refactoring.CreateOperatorRefactoringTest)  Time elapsed: 0.1 secrunTest[FindBinaryOperatorOnBaseType](ch.hsr.ifs.cute.tdd.ui.tests.refactoring.CreateOperatorRefactoringTest)  Time elapsed: 0.104 secrunTest[FindFreePostFixOperator](ch.hsr.ifs.cute.tdd.ui.tests.refactoring.CreateOperatorRefactoringTest)  Time elapsed: 0.104 secrunTest[FindFreePrefixOperator](ch.hsr.ifs.cute.tdd.ui.tests.refactoring.CreateOperatorRefactoringTest)  Time elapsed: 0.107 secrunTest[FindUnaryOperatorOnBaseType](ch.hsr.ifs.cute.tdd.ui.tests.refactoring.CreateOperatorRefactoringTest)  Time elapsed: 0.133 secrunTest[FindsGoodBinaryOperator](ch.hsr.ifs.cute.tdd.ui.tests.refactoring.CreateOperatorRefactoringTest)  Time elapsed: 0.098 secrunTest[FindsGoodUnaryOperator](ch.hsr.ifs.cute.tdd.ui.tests.refactoring.CreateOperatorRefactoringTest)  Time elapsed: 0.109 secrunTest[PostfixOperator](ch.hsr.ifs.cute.tdd.ui.tests.refactoring.CreateOperatorRefactoringTest)  Time elapsed: 0.275 secrunTest[PrefixOperator](ch.hsr.ifs.cute.tdd.ui.tests.refactoring.CreateOperatorRefactoringTest)  Time elapsed: 0.238 secrunTest[Recognize Enum Assignment As OK](ch.hsr.ifs.cute.tdd.ui.tests.refactoring.CreateOperatorRefactoringTest)  Time elapsed: 0.093 secrunTest[Create Static Member Function](ch.hsr.ifs.cute.tdd.ui.tests.refactoring.CreateStaticFunctionRefactoringTest)  Time elapsed: 0.27 secrunTest[Create Static Member Function in Header](ch.hsr.ifs.cute.tdd.ui.tests.refactoring.CreateStaticFunctionRefactoringTest)  Time elapsed: 0.254 secrunTest[Create Static Member Function with Return Type](ch.hsr.ifs.cute.tdd.ui.tests.refactoring.CreateStaticFunctionRefactoringTest)  Time elapsed: 0.265 secrunTest[Create Static Member Function with Return Type and Parameter](ch.hsr.ifs.cute.tdd.ui.tests.refactoring.CreateStaticFunctionRefactoringTest)  Time elapsed: 0.259 secrunTest[ExtractFreeFunction](ch.hsr.ifs.cute.tdd.ui.tests.refactoring.ExtractFunctionRefactoringTest)  Time elapsed: 0.184 secrunTest[ExtractNestedTemplatedFunction](ch.hsr.ifs.cute.tdd.ui.tests.refactoring.ExtractFunctionRefactoringTest)  Time elapsed: 0.169 secrunTest[ExtractTemplatedFunction](ch.hsr.ifs.cute.tdd.ui.tests.refactoring.ExtractFunctionRefactoringTest)  Time elapsed: 0.147 secrunTest[TestNestedStructExtraction](ch.hsr.ifs.cute.tdd.ui.tests.refactoring.ExtractTypeRefactoringTest)  Time elapsed: 0.378 secrunTest[TestNestedTemplatedStructExtraction](ch.hsr.ifs.cute.tdd.ui.tests.refactoring.ExtractTypeRefactoringTest)  Time elapsed: 0.412 secrunTest[TestNestedTemplatedStructExtractionSelectionInTemplatedMember](ch.hsr.ifs.cute.tdd.ui.tests.refactoring.ExtractTypeRefactoringTest)  Time elapsed: 0.433 secrunTest[TestSimpleFunctionExtraction](ch.hsr.ifs.cute.tdd.ui.tests.refactoring.ExtractTypeRefactoringTest)  Time elapsed: 0.142 secrunTest[TestSimpleStructExtraction](ch.hsr.ifs.cute.tdd.ui.tests.refactoring.ExtractTypeRefactoringTest)  Time elapsed: 0.445 secrunTest[TestTemplatedStructExtraction](ch.hsr.ifs.cute.tdd.ui.tests.refactoring.ExtractTypeRefactoringTest)  Time elapsed: 0.407 sectestQuickFixMessage(ch.hsr.ifs.cute.tdd.ui.tests.quickFixes.AddArgumentTest)  Time elapsed: 0.367 sectestQuickFixApplying(ch.hsr.ifs.cute.tdd.ui.tests.quickFixes.AddArgumentTest)  Time elapsed: 0.647 sectestImageNotNull(ch.hsr.ifs.cute.tdd.ui.tests.quickFixes.AddArgumentTest)  Time elapsed: 0.311 sectestMarkerOffset(ch.hsr.ifs.cute.tdd.ui.tests.quickFixes.AddArgumentTest)  Time elapsed: 0.292 sectestMarkerLength(ch.hsr.ifs.cute.tdd.ui.tests.quickFixes.AddArgumentTest)  Time elapsed: 0.288 sectestMarkerMessage(ch.hsr.ifs.cute.tdd.ui.tests.quickFixes.AddArgumentTest)  Time elapsed: 0.288 sectestQuickFixMessage(ch.hsr.ifs.cute.tdd.ui.tests.quickFixes.ChangeVisibilityTest)  Time elapsed: 0.293 sectestQuickFixApplying(ch.hsr.ifs.cute.tdd.ui.tests.quickFixes.ChangeVisibilityTest)  Time elapsed: 0.419 sectestImageNotNull(ch.hsr.ifs.cute.tdd.ui.tests.quickFixes.ChangeVisibilityTest)  Time elapsed: 0.288 sectestMarkerOffset(ch.hsr.ifs.cute.tdd.ui.tests.quickFixes.ChangeVisibilityTest)  Time elapsed: 0.288 sectestMarkerLength(ch.hsr.ifs.cute.tdd.ui.tests.quickFixes.ChangeVisibilityTest)  Time elapsed: 0.278 sectestMarkerMessage(ch.hsr.ifs.cute.tdd.ui.tests.quickFixes.ChangeVisibilityTest)  Time elapsed: 0.278 sectestQuickFixMessage(ch.hsr.ifs.cute.tdd.ui.tests.quickFixes.CreateClassTest)  Time elapsed: 0.311 sectestQuickFixApplying(ch.hsr.ifs.cute.tdd.ui.tests.quickFixes.CreateClassTest)  Time elapsed: 0.559 sectestImageNotNull(ch.hsr.ifs.cute.tdd.ui.tests.quickFixes.CreateClassTest)  Time elapsed: 0.291 sectestMarkerOffset(ch.hsr.ifs.cute.tdd.ui.tests.quickFixes.CreateClassTest)  Time elapsed: 0.316 sectestMarkerLength(ch.hsr.ifs.cute.tdd.ui.tests.quickFixes.CreateClassTest)  Time elapsed: 0.274 sectestMarkerMessage(ch.hsr.ifs.cute.tdd.ui.tests.quickFixes.CreateClassTest)  Time elapsed: 0.292 sectestQuickFixMessage(ch.hsr.ifs.cute.tdd.ui.tests.quickFixes.CreateConstructorTest)  Time elapsed: 0.3 sectestQuickFixApplying(ch.hsr.ifs.cute.tdd.ui.tests.quickFixes.CreateConstructorTest)  Time elapsed: 0.496 sectestImageNotNull(ch.hsr.ifs.cute.tdd.ui.tests.quickFixes.CreateConstructorTest)  Time elapsed: 0.31 sectestMarkerOffset(ch.hsr.ifs.cute.tdd.ui.tests.quickFixes.CreateConstructorTest)  Time elapsed: 0.282 sectestMarkerLength(ch.hsr.ifs.cute.tdd.ui.tests.quickFixes.CreateConstructorTest)  Time elapsed: 0.284 sectestMarkerMessage(ch.hsr.ifs.cute.tdd.ui.tests.quickFixes.CreateConstructorTest)  Time elapsed: 0.27 sectestQuickFixMessage(ch.hsr.ifs.cute.tdd.ui.tests.quickFixes.CreateFunctionTest)  Time elapsed: 0.277 sectestQuickFixApplying(ch.hsr.ifs.cute.tdd.ui.tests.quickFixes.CreateFunctionTest)  Time elapsed: 0.466 sectestImageNotNull(ch.hsr.ifs.cute.tdd.ui.tests.quickFixes.CreateFunctionTest)  Time elapsed: 0.322 sectestMarkerOffset(ch.hsr.ifs.cute.tdd.ui.tests.quickFixes.CreateFunctionTest)  Time elapsed: 0.281 sectestMarkerLength(ch.hsr.ifs.cute.tdd.ui.tests.quickFixes.CreateFunctionTest)  Time elapsed: 0.275 sectestMarkerMessage(ch.hsr.ifs.cute.tdd.ui.tests.quickFixes.CreateFunctionTest)  Time elapsed: 0.275 sectestQuickFixMessage(ch.hsr.ifs.cute.tdd.ui.tests.quickFixes.CreateLocalVariableTest)  Time elapsed: 0.283 sectestQuickFixApplying(ch.hsr.ifs.cute.tdd.ui.tests.quickFixes.CreateLocalVariableTest)  Time elapsed: 0.515 sectestImageNotNull(ch.hsr.ifs.cute.tdd.ui.tests.quickFixes.CreateLocalVariableTest)  Time elapsed: 0.307 sectestMarkerOffset(ch.hsr.ifs.cute.tdd.ui.tests.quickFixes.CreateLocalVariableTest)  Time elapsed: 0.305 sectestMarkerLength(ch.hsr.ifs.cute.tdd.ui.tests.quickFixes.CreateLocalVariableTest)  Time elapsed: 0.294 sectestMarkerMessage(ch.hsr.ifs.cute.tdd.ui.tests.quickFixes.CreateLocalVariableTest)  Time elapsed: 0.326 sectestQuickFixMessage(ch.hsr.ifs.cute.tdd.ui.tests.quickFixes.CreateMemberVariableAndPrivateLabelTest)  Time elapsed: 0.293 sectestQuickFixApplying(ch.hsr.ifs.cute.tdd.ui.tests.quickFixes.CreateMemberVariableAndPrivateLabelTest)  Time elapsed: 0.525 sectestImageNotNull(ch.hsr.ifs.cute.tdd.ui.tests.quickFixes.CreateMemberVariableAndPrivateLabelTest)  Time elapsed: 0.307 sectestMarkerOffset(ch.hsr.ifs.cute.tdd.ui.tests.quickFixes.CreateMemberVariableAndPrivateLabelTest)  Time elapsed: 0.285 sectestMarkerLength(ch.hsr.ifs.cute.tdd.ui.tests.quickFixes.CreateMemberVariableAndPrivateLabelTest)  Time elapsed: 0.285 sectestMarkerMessage(ch.hsr.ifs.cute.tdd.ui.tests.quickFixes.CreateMemberVariableAndPrivateLabelTest)  Time elapsed: 0.297 sectestQuickFixMessage(ch.hsr.ifs.cute.tdd.ui.tests.quickFixes.CreateMemberVariableTest)  Time elapsed: 0.278 sectestQuickFixApplying(ch.hsr.ifs.cute.tdd.ui.tests.quickFixes.CreateMemberVariableTest)  Time elapsed: 0.518 sectestImageNotNull(ch.hsr.ifs.cute.tdd.ui.tests.quickFixes.CreateMemberVariableTest)  Time elapsed: 0.315 sectestMarkerOffset(ch.hsr.ifs.cute.tdd.ui.tests.quickFixes.CreateMemberVariableTest)  Time elapsed: 0.307 sectestMarkerLength(ch.hsr.ifs.cute.tdd.ui.tests.quickFixes.CreateMemberVariableTest)  Time elapsed: 0.317 sectestMarkerMessage(ch.hsr.ifs.cute.tdd.ui.tests.quickFixes.CreateMemberVariableTest)  Time elapsed: 0.303 sectestQuickFixMessage(ch.hsr.ifs.cute.tdd.ui.tests.quickFixes.CreateOperatorTest)  Time elapsed: 0.289 sectestQuickFixApplying(ch.hsr.ifs.cute.tdd.ui.tests.quickFixes.CreateOperatorTest)  Time elapsed: 0.503 sectestImageNotNull(ch.hsr.ifs.cute.tdd.ui.tests.quickFixes.CreateOperatorTest)  Time elapsed: 0.292 sectestMarkerOffset(ch.hsr.ifs.cute.tdd.ui.tests.quickFixes.CreateOperatorTest)  Time elapsed: 0.265 sectestMarkerLength(ch.hsr.ifs.cute.tdd.ui.tests.quickFixes.CreateOperatorTest)  Time elapsed: 0.299 sectestMarkerMessage(ch.hsr.ifs.cute.tdd.ui.tests.quickFixes.CreateOperatorTest)  Time elapsed: 0.295 sectestQuickFixMessage(ch.hsr.ifs.cute.tdd.ui.tests.quickFixes.RemoveArgumentTest)  Time elapsed: 0.314 sectestQuickFixApplying(ch.hsr.ifs.cute.tdd.ui.tests.quickFixes.RemoveArgumentTest)  Time elapsed: 0.378 sectestImageNotNull(ch.hsr.ifs.cute.tdd.ui.tests.quickFixes.RemoveArgumentTest)  Time elapsed: 0.318 sectestMarkerOffset(ch.hsr.ifs.cute.tdd.ui.tests.quickFixes.RemoveArgumentTest)  Time elapsed: 0.301 sectestMarkerLength(ch.hsr.ifs.cute.tdd.ui.tests.quickFixes.RemoveArgumentTest)  Time elapsed: 0.327 sectestMarkerMessage(ch.hsr.ifs.cute.tdd.ui.tests.quickFixes.RemoveArgumentTest)  Time elapsed: 0.327 sectestEditHasSameText(ch.hsr.ifs.cute.tdd.linkedMode.NestedEditTest)  Time elapsed: 0.001 sectestIllegalChange(ch.hsr.ifs.cute.tdd.linkedMode.NestedEditTest)  Time elapsed: 0.001 sectestIllegalChangeChildren(ch.hsr.ifs.cute.tdd.linkedMode.NestedEditTest)  Time elapsed: 0 sectestInsertEditChild(ch.hsr.ifs.cute.tdd.linkedMode.NestedEditTest)  Time elapsed: 0.001 sectestChangeHasEffect(ch.hsr.ifs.cute.tdd.linkedMode.NestedEditTest)  Time elapsed: 0 sectestIndexOf(ch.hsr.ifs.cute.tdd.linkedMode.NestedEditTest)  Time elapsed: 0 sectestOverridenTextLength(ch.hsr.ifs.cute.tdd.linkedMode.NestedEditTest)  Time elapsed: 0 sectestInsertedTextLength(ch.hsr.ifs.cute.tdd.linkedMode.NestedEditTest)  Time elapsed: 0 sectestOffset(ch.hsr.ifs.cute.tdd.linkedMode.NestedEditTest)  Time elapsed: 0 sectestExecuteFailingChange(ch.hsr.ifs.cute.tdd.linkedMode.ChangeRecorderTest)  Time elapsed: 0.001 sectestSpecEnd(ch.hsr.ifs.cute.tdd.linkedMode.ChangeRecorderTest)  Time elapsed: 0 sectestSpecLength(ch.hsr.ifs.cute.tdd.linkedMode.ChangeRecorderTest)  Time elapsed: 0 sectestSpecBegin(ch.hsr.ifs.cute.tdd.linkedMode.ChangeRecorderTest)  Time elapsed: 0 sectestBracketPosition(ch.hsr.ifs.cute.tdd.linkedMode.ChangeRecorderTest)  Time elapsed: 0 sectestEndOfMarkedLine(ch.hsr.ifs.cute.tdd.linkedMode.ChangeRecorderTest)  Time elapsed: 0 sectestMarkerLineEndWhenSemicolonWasMissing(ch.hsr.ifs.cute.tdd.linkedMode.ChangeRecorderTest)  Time elapsed: 0.001 sectestMarkerLineEndWhenEverythingIsMissing(ch.hsr.ifs.cute.tdd.linkedMode.ChangeRecorderTest)  Time elapsed: 0 sectestSpecifierDetection(ch.hsr.ifs.cute.tdd.linkedMode.ChangeRecorderTest)  Time elapsed: 0 sectestReturnStatementOffset(ch.hsr.ifs.cute.tdd.linkedMode.ChangeRecorderTest)  Time elapsed: 0 sectestReturnValueLength(ch.hsr.ifs.cute.tdd.linkedMode.ChangeRecorderTest)  Time elapsed: 0 sectestSingleParameterNameOffset(ch.hsr.ifs.cute.tdd.linkedMode.ChangeRecorderTest)  Time elapsed: 0 sectestSingleParameterNameLength(ch.hsr.ifs.cute.tdd.linkedMode.ChangeRecorderTest)  Time elapsed: 0 sectestSingleParameterSpecOffset(ch.hsr.ifs.cute.tdd.linkedMode.ChangeRecorderTest)  Time elapsed: 0 sectestSingleParameterSpecLength(ch.hsr.ifs.cute.tdd.linkedMode.ChangeRecorderTest)  Time elapsed: 0 sectestSecondParameterNameOffset(ch.hsr.ifs.cute.tdd.linkedMode.ChangeRecorderTest)  Time elapsed: 0.001 sectestSecondParameterNameLength(ch.hsr.ifs.cute.tdd.linkedMode.ChangeRecorderTest)  Time elapsed: 0 sectestSecondParameterSpecOffset(ch.hsr.ifs.cute.tdd.linkedMode.ChangeRecorderTest)  Time elapsed: 0 sectestSecondParameterSpecLength(ch.hsr.ifs.cute.tdd.linkedMode.ChangeRecorderTest)  Time elapsed: 0 sectestMethodConstOffset(ch.hsr.ifs.cute.tdd.linkedMode.ChangeRecorderTest)  Time elapsed: 0 sectestExecutePerformsChange(ch.hsr.ifs.cute.tdd.linkedMode.ChangeRecorderTest)  Time elapsed: 0 sectestGroupsExist(ch.hsr.ifs.cute.tdd.linkedMode.TddLinkedModeTest)  Time elapsed: 0 sectestGroupsAreEmpty(ch.hsr.ifs.cute.tdd.linkedMode.TddLinkedModeTest)  Time elapsed: 0 sectestAddPosition(ch.hsr.ifs.cute.tdd.linkedMode.TddLinkedModeTest)  Time elapsed: 0 sectestCorrectPositionAdded(ch.hsr.ifs.cute.tdd.linkedMode.TddLinkedModeTest)  Time elapsed: 0 sectestPositionOrder(ch.hsr.ifs.cute.tdd.linkedMode.TddLinkedModeTest)  Time elapsed: 0 sectestExitPosition(ch.hsr.ifs.cute.tdd.linkedMode.TddLinkedModeTest)  Time elapsed: 0 sectestGetGroupByOffset(ch.hsr.ifs.cute.tdd.linkedMode.TddLinkedModeTest)  Time elapsed: 0 sectestAddSiblingPosition(ch.hsr.ifs.cute.tdd.linkedMode.TddLinkedModeTest)  Time elapsed: 0 sectestAddOneProposal(ch.hsr.ifs.cute.tdd.linkedMode.TddLinkedModeTest)  Time elapsed: 0.001 sectestNoGroupIsAddedIfSiblingIsAdded(ch.hsr.ifs.cute.tdd.linkedMode.TddLinkedModeTest)  Time elapsed: 0 sectestInsertionOfSiblingWithOtherLength(ch.hsr.ifs.cute.tdd.linkedMode.TddLinkedModeTest)  Time elapsed: 0.001 sectestAddPositionToNonexistentSibling(ch.hsr.ifs.cute.tdd.linkedMode.TddLinkedModeTest)  Time elapsed: 0 sectestNumberOfProposals(ch.hsr.ifs.cute.tdd.linkedMode.CreateClassLMTest)  Time elapsed: 0 sectestClassTypeProposal(ch.hsr.ifs.cute.tdd.linkedMode.CreateClassLMTest)  Time elapsed: 0 sectestStructTypeProposal(ch.hsr.ifs.cute.tdd.linkedMode.CreateClassLMTest)  Time elapsed: 0 sectestEnumTypeProposal(ch.hsr.ifs.cute.tdd.linkedMode.CreateClassLMTest)  Time elapsed: 0 sec