-------------------------------------------------------------------------------
Test set: ch.hsr.ifs.testframework.test.AllTestframeworkTests
-------------------------------------------------------------------------------
Tests run: 28, Failures: 0, Errors: 0, Skipped: 0, Time elapsed: 2.72 sec
testSessionEnd(ch.hsr.ifs.testframework.test.patternlistener.PatternListenerSessionStartEndTest)  Time elapsed: 0.034 sectestSessionStart(ch.hsr.ifs.testframework.test.patternlistener.PatternListenerSessionStartEndTest)  Time elapsed: 0.009 sectestFirstStarted(ch.hsr.ifs.testframework.test.patternlistener.PatternListenerSuiteTest)  Time elapsed: 0.204 sectestFirstEnded(ch.hsr.ifs.testframework.test.patternlistener.PatternListenerSuiteTest)  Time elapsed: 0.165 sectestLastStarted(ch.hsr.ifs.testframework.test.patternlistener.PatternListenerSuiteTest)  Time elapsed: 0.005 sectestLastEnded(ch.hsr.ifs.testframework.test.patternlistener.PatternListenerSuiteTest)  Time elapsed: 0.004 sectestTestStart(ch.hsr.ifs.testframework.test.patternlistener.PatternListenerTestSuccessTest)  Time elapsed: 0.111 sectestTestEnd(ch.hsr.ifs.testframework.test.patternlistener.PatternListenerTestSuccessTest)  Time elapsed: 0.003 sectestTestStart(ch.hsr.ifs.testframework.test.patternlistener.PatternListenerTestFailedTest)  Time elapsed: 0.105 sectestTestEnd(ch.hsr.ifs.testframework.test.patternlistener.PatternListenerTestFailedTest)  Time elapsed: 0.103 sectestTestStart(ch.hsr.ifs.testframework.test.patternlistener.PatternListenerTestEqualsFailed)  Time elapsed: 0.108 sectestTestEnd(ch.hsr.ifs.testframework.test.patternlistener.PatternListenerTestEqualsFailed)  Time elapsed: 0.105 sectestTestStart(ch.hsr.ifs.testframework.test.patternlistener.PatternListenerErrorTest)  Time elapsed: 0.105 sectestTestEnd(ch.hsr.ifs.testframework.test.patternlistener.PatternListenerErrorTest)  Time elapsed: 0.11 sectestTODO(ch.hsr.ifs.testframework.test.patternlistener.PatternListenerStoryTest)  Time elapsed: 0.003 secsessionTest.txt(ch.hsr.ifs.testframework.test.modelbuilder.ModelBuilderTest)  Time elapsed: 0.11 secsuiteTest.txt(ch.hsr.ifs.testframework.test.modelbuilder.ModelBuilderTest)  Time elapsed: 0.107 secsuiteTest2.txt(ch.hsr.ifs.testframework.test.modelbuilder.ModelBuilderTest)  Time elapsed: 0.106 secsuiteTest3.txt(ch.hsr.ifs.testframework.test.modelbuilder.ModelBuilderTest)  Time elapsed: 0.107 secsuiteTest4.txt(ch.hsr.ifs.testframework.test.modelbuilder.ModelBuilderTest)  Time elapsed: 0.106 secsuiteTest5.txt(ch.hsr.ifs.testframework.test.modelbuilder.ModelBuilderTest)  Time elapsed: 0.109 secsuiteTest6.txt(ch.hsr.ifs.testframework.test.modelbuilder.ModelBuilderTest)  Time elapsed: 0.107 secfailedTest.txt(ch.hsr.ifs.testframework.test.modelbuilder.ModelBuilderTest)  Time elapsed: 0.106 secfailedEqualsTest.txt(ch.hsr.ifs.testframework.test.modelbuilder.ModelBuilderTest)  Time elapsed: 0.107 secerrorTest.txt(ch.hsr.ifs.testframework.test.modelbuilder.ModelBuilderTest)  Time elapsed: 0.102 secsuccessTest.txt(ch.hsr.ifs.testframework.test.modelbuilder.ModelBuilderTest)  Time elapsed: 0.102 secoutputInTest.txt(ch.hsr.ifs.testframework.test.modelbuilder.ModelBuilderTest)  Time elapsed: 0.103 sectestLinks(ch.hsr.ifs.testframework.test.hyperlink.HyperlinkTest)  Time elapsed: 0.107 sec