<?xml version="1.0" encoding="UTF-8" ?>
<testsuite failures="0" time="81.935" errors="0" skipped="0" tests="358" name="ch.hsr.ifs.cute.tdd.ui.tests.AllTests">
  <properties>
[...]
</properties>
  <testcase time="1.372" classname="ch.hsr.ifs.cute.tdd.ui.tests.refactoring.AddArgumentRefactoringTest" name="runTest[Add Integer Argument for Function from Header]"/>
  <testcase time="0.33" classname="ch.hsr.ifs.cute.tdd.ui.tests.refactoring.AddArgumentRefactoringTest" name="runTest[AddIntegerArgument]"/>
  <testcase time="0.315" classname="ch.hsr.ifs.cute.tdd.ui.tests.refactoring.AddArgumentRefactoringTest" name="runTest[AddOneIntegerArgument]"/>
  <testcase time="0.355" classname="ch.hsr.ifs.cute.tdd.ui.tests.refactoring.AddArgumentRefactoringTest" name="runTest[AddTwoIntegerArguments]"/>
  <testcase time="0.115" classname="ch.hsr.ifs.cute.tdd.ui.tests.refactoring.AddArgumentRefactoringTest" name="runTest[CheckStringandCharArrays]"/>
  <testcase time="0.114" classname="ch.hsr.ifs.cute.tdd.ui.tests.refactoring.AddArgumentRefactoringTest" name="runTest[DontOfferAddArgsThatCantBeAppended]"/>
  <testcase time="0.113" classname="ch.hsr.ifs.cute.tdd.ui.tests.refactoring.AddArgumentRefactoringTest" name="runTest[InsertTypeArgument]"/>
  <testcase time="0.151" classname="ch.hsr.ifs.cute.tdd.ui.tests.refactoring.AddArgumentRefactoringTest" name="runTest[Match Empty Argument List to void]"/>
  <testcase time="0.332" classname="ch.hsr.ifs.cute.tdd.ui.tests.refactoring.AddArgumentRefactoringTest" name="runTest[RecognizeBasicTypesAsMatchingArguments]"/>
  <testcase time="0.324" classname="ch.hsr.ifs.cute.tdd.ui.tests.refactoring.AddArgumentRefactoringTest" name="runTest[RecognizeFunctionCalls]"/>
  <testcase time="0.269" classname="ch.hsr.ifs.cute.tdd.ui.tests.refactoring.AddArgumentRefactoringTest" name="runTest[RecognizeIds]"/>
  <testcase time="0.282" classname="ch.hsr.ifs.cute.tdd.ui.tests.refactoring.AddArgumentRefactoringTest" name="runTest[Remove Argument for Function from Header]"/>
  <testcase time="0.28" classname="ch.hsr.ifs.cute.tdd.ui.tests.refactoring.AddArgumentRefactoringTest" name="runTest[Remove Bunch Last Arguments]"/>
  <testcase time="0.276" classname="ch.hsr.ifs.cute.tdd.ui.tests.refactoring.AddArgumentRefactoringTest" name="runTest[Remove Single Last Argument]"/>
  <testcase time="0.315" classname="ch.hsr.ifs.cute.tdd.ui.tests.refactoring.AddArgumentRefactoringTest" name="runTest[Test First Candidate]"/>
  <testcase time="0.272" classname="ch.hsr.ifs.cute.tdd.ui.tests.refactoring.AddArgumentRefactoringTest" name="runTest[TestSecondCandidate]"/>
  <testcase time="0.276" classname="ch.hsr.ifs.cute.tdd.ui.tests.refactoring.AddArgumentRefactoringTest" name="runTest[TestThirdCandidate]"/>
  <testcase time="0.103" classname="ch.hsr.ifs.cute.tdd.ui.tests.refactoring.ChangeVisibilityRefactoringTest" name="runTest[CallDefaultInClassFromInside]"/>
  <testcase time="0.29" classname="ch.hsr.ifs.cute.tdd.ui.tests.refactoring.ChangeVisibilityRefactoringTest" name="runTest[CallDefaultInClassFromOutside]"/>
  <testcase time="0.107" classname="ch.hsr.ifs.cute.tdd.ui.tests.refactoring.ChangeVisibilityRefactoringTest" name="runTest[CallPrivateInStructFromInside]"/>
  <testcase time="0.253" classname="ch.hsr.ifs.cute.tdd.ui.tests.refactoring.ChangeVisibilityRefactoringTest" name="runTest[CallPrivateInStructFromOutside]"/>
  <testcase time="0.355" classname="ch.hsr.ifs.cute.tdd.ui.tests.refactoring.ChangeVisibilityRefactoringTest" name="runTest[Change Visibility in External Header File]"/>
  <testcase time="0.314" classname="ch.hsr.ifs.cute.tdd.ui.tests.refactoring.ChangeVisibilityRefactoringTest" name="runTest[InsertAtRightPositionStruct]"/>
  <testcase time="0.098" classname="ch.hsr.ifs.cute.tdd.ui.tests.refactoring.ChangeVisibilityRefactoringTest" name="runTest[No Marker for Access in Non-inline Member]"/>
  <testcase time="0.089" classname="ch.hsr.ifs.cute.tdd.ui.tests.refactoring.ChangeVisibilityRefactoringTest" name="runTest[No Marker for Member Visible due to Friend Class Declaration]"/>
  <testcase time="0.087" classname="ch.hsr.ifs.cute.tdd.ui.tests.refactoring.ChangeVisibilityRefactoringTest" name="runTest[No Marker for Member Visible due to Friend Function Declaration]"/>
  <testcase time="0.087" classname="ch.hsr.ifs.cute.tdd.ui.tests.refactoring.ChangeVisibilityRefactoringTest" name="runTest[NoMarkerForInternalCalls]"/>
  <testcase time="0.268" classname="ch.hsr.ifs.cute.tdd.ui.tests.refactoring.ChangeVisibilityRefactoringTest" name="runTest[PreserveCommentsWhenHiding]"/>
  <testcase time="0.238" classname="ch.hsr.ifs.cute.tdd.ui.tests.refactoring.ChangeVisibilityRefactoringTest" name="runTest[PreserveMacrosWhenHiding]"/>
  <testcase time="0.258" classname="ch.hsr.ifs.cute.tdd.ui.tests.refactoring.ChangeVisibilityRefactoringTest" name="runTest[PrivateFunctionDeclaration]"/>
  <testcase time="0.292" classname="ch.hsr.ifs.cute.tdd.ui.tests.refactoring.ChangeVisibilityRefactoringTest" name="runTest[PrivateMemberVariable]"/>
  <testcase time="0.336" classname="ch.hsr.ifs.cute.tdd.ui.tests.refactoring.ChangeVisibilityRefactoringTest" name="runTest[TestChangeInOtherFiles]"/>
  <testcase time="0.296" classname="ch.hsr.ifs.cute.tdd.ui.tests.refactoring.CreateTypeRefactoringTest" name="runTest[Class in Namespace from Declaration]"/>
  <testcase time="0.27" classname="ch.hsr.ifs.cute.tdd.ui.tests.refactoring.CreateTypeRefactoringTest" name="runTest[ClassInNamespace]"/>
  <testcase time="0.313" classname="ch.hsr.ifs.cute.tdd.ui.tests.refactoring.CreateTypeRefactoringTest" name="runTest[CreateClassWithNamespaceAccess]"/>
  <testcase time="0.265" classname="ch.hsr.ifs.cute.tdd.ui.tests.refactoring.CreateTypeRefactoringTest" name="runTest[CreateFirstOfMultipleNamespace]"/>
  <testcase time="0.284" classname="ch.hsr.ifs.cute.tdd.ui.tests.refactoring.CreateTypeRefactoringTest" name="runTest[CreateInTotallyEmptyFile]"/>
  <testcase time="0.28" classname="ch.hsr.ifs.cute.tdd.ui.tests.refactoring.CreateTypeRefactoringTest" name="runTest[CreateSecondOfMultipleNamespace]"/>
  <testcase time="0.306" classname="ch.hsr.ifs.cute.tdd.ui.tests.refactoring.CreateTypeRefactoringTest" name="runTest[CreateTemplatedGradType]"/>
  <testcase time="0.281" classname="ch.hsr.ifs.cute.tdd.ui.tests.refactoring.CreateTypeRefactoringTest" name="runTest[CreateTemplatedType]"/>
  <testcase time="0.296" classname="ch.hsr.ifs.cute.tdd.ui.tests.refactoring.CreateTypeRefactoringTest" name="runTest[CreateTypeFromInheritance]"/>
  <testcase time="0.269" classname="ch.hsr.ifs.cute.tdd.ui.tests.refactoring.CreateTypeRefactoringTest" name="runTest[CreateTypeOutOfAMemberFunction]"/>
  <testcase time="0.289" classname="ch.hsr.ifs.cute.tdd.ui.tests.refactoring.CreateTypeRefactoringTest" name="runTest[CreateTypeOutOfAMultiTemplatedFunction]"/>
  <testcase time="0.262" classname="ch.hsr.ifs.cute.tdd.ui.tests.refactoring.CreateTypeRefactoringTest" name="runTest[CreateTypeOutOfATemplatedFunction]"/>
  <testcase time="0.277" classname="ch.hsr.ifs.cute.tdd.ui.tests.refactoring.CreateTypeRefactoringTest" name="runTest[CreateTypeOutOfATemplatedMemberFunction]"/>
  <testcase time="0.306" classname="ch.hsr.ifs.cute.tdd.ui.tests.refactoring.CreateTypeRefactoringTest" name="runTest[CreateTypeOutOfATemplatedMemberFunctionInsideATemplatedClass]"/>
  <testcase time="0.267" classname="ch.hsr.ifs.cute.tdd.ui.tests.refactoring.CreateTypeRefactoringTest" name="runTest[TestBug232]"/>
  <testcase time="0.255" classname="ch.hsr.ifs.cute.tdd.ui.tests.refactoring.CreateTypeRefactoringTest" name="runTest[TestCallDefaultContructor]"/>
  <testcase time="0.272" classname="ch.hsr.ifs.cute.tdd.ui.tests.refactoring.CreateTypeRefactoringTest" name="runTest[TestDetectMarker]"/>
  <testcase time="0.277" classname="ch.hsr.ifs.cute.tdd.ui.tests.refactoring.CreateConstructorRefactoringTest" name="runTest[Composite Type Specifier Declaration]"/>
  <testcase time="0.29" classname="ch.hsr.ifs.cute.tdd.ui.tests.refactoring.CreateConstructorRefactoringTest" name="runTest[Constructor for Multiple Declarators]"/>
  <testcase time="0.296" classname="ch.hsr.ifs.cute.tdd.ui.tests.refactoring.CreateConstructorRefactoringTest" name="runTest[Constructor for Qualified Name]"/>
  <testcase time="0.306" classname="ch.hsr.ifs.cute.tdd.ui.tests.refactoring.CreateConstructorRefactoringTest" name="runTest[ConstructorWithTemplate]"/>
  <testcase time="0.261" classname="ch.hsr.ifs.cute.tdd.ui.tests.refactoring.CreateConstructorRefactoringTest" name="runTest[Create Constructor from Chained Function Call Expression]"/>
  <testcase time="0.3" classname="ch.hsr.ifs.cute.tdd.ui.tests.refactoring.CreateConstructorRefactoringTest" name="runTest[Create Constructor from Function Call Expression]"/>
  <testcase time="0.294" classname="ch.hsr.ifs.cute.tdd.ui.tests.refactoring.CreateConstructorRefactoringTest" name="runTest[Default Ctor Needed]"/>
  <testcase time="0.1" classname="ch.hsr.ifs.cute.tdd.ui.tests.refactoring.CreateConstructorRefactoringTest" name="runTest[Find Constructor from Function Call Expression]"/>
  <testcase time="0.116" classname="ch.hsr.ifs.cute.tdd.ui.tests.refactoring.CreateConstructorRefactoringTest" name="runTest[Find Implicit Constructor for Typedef Template]"/>
  <testcase time="0.102" classname="ch.hsr.ifs.cute.tdd.ui.tests.refactoring.CreateConstructorRefactoringTest" name="runTest[Find Matching Constructor]"/>
  <testcase time="0.307" classname="ch.hsr.ifs.cute.tdd.ui.tests.refactoring.CreateConstructorRefactoringTest" name="runTest[Local Composite Type Specifier Declaration]"/>
  <testcase time="0.276" classname="ch.hsr.ifs.cute.tdd.ui.tests.refactoring.CreateConstructorRefactoringTest" name="runTest[MultipleArgumentsJustOneParam]"/>
  <testcase time="0.113" classname="ch.hsr.ifs.cute.tdd.ui.tests.refactoring.CreateConstructorRefactoringTest" name="runTest[No Constructor Suggestion for Template Parameter Type]"/>
  <testcase time="0.097" classname="ch.hsr.ifs.cute.tdd.ui.tests.refactoring.CreateConstructorRefactoringTest" name="runTest[No Constructor Suggestion for Unknown Type]"/>
  <testcase time="0.103" classname="ch.hsr.ifs.cute.tdd.ui.tests.refactoring.CreateConstructorRefactoringTest" name="runTest[No Constructor for Array]"/>
  <testcase time="0.106" classname="ch.hsr.ifs.cute.tdd.ui.tests.refactoring.CreateConstructorRefactoringTest" name="runTest[No Constructor for Composite Type Member]"/>
  <testcase time="0.133" classname="ch.hsr.ifs.cute.tdd.ui.tests.refactoring.CreateConstructorRefactoringTest" name="runTest[No Constructor for Defaulted Init-List - C++11]"/>
  <testcase time="0.112" classname="ch.hsr.ifs.cute.tdd.ui.tests.refactoring.CreateConstructorRefactoringTest" name="runTest[No Constructor for Extern Declaration]"/>
  <testcase time="0.097" classname="ch.hsr.ifs.cute.tdd.ui.tests.refactoring.CreateConstructorRefactoringTest" name="runTest[No Constructor for Function Declaration]"/>
  <testcase time="0.102" classname="ch.hsr.ifs.cute.tdd.ui.tests.refactoring.CreateConstructorRefactoringTest" name="runTest[No Constructor for Function Declaration with Parameter]"/>
  <testcase time="0.1" classname="ch.hsr.ifs.cute.tdd.ui.tests.refactoring.CreateConstructorRefactoringTest" name="runTest[No Constructor for Pointer Initialization]"/>
  <testcase time="0.135" classname="ch.hsr.ifs.cute.tdd.ui.tests.refactoring.CreateConstructorRefactoringTest" name="runTest[No Constructor for Reference Initialization]"/>
  <testcase time="0.114" classname="ch.hsr.ifs.cute.tdd.ui.tests.refactoring.CreateConstructorRefactoringTest" name="runTest[No Constructor for Typdef Pointer Initialization]"/>
  <testcase time="0.107" classname="ch.hsr.ifs.cute.tdd.ui.tests.refactoring.CreateConstructorRefactoringTest" name="runTest[No Constructor for Typedef Anonymous Type Specifier in Variable Declaration]"/>
  <testcase time="0.115" classname="ch.hsr.ifs.cute.tdd.ui.tests.refactoring.CreateConstructorRefactoringTest" name="runTest[No Constructor for Typedef Enum]"/>
  <testcase time="0.095" classname="ch.hsr.ifs.cute.tdd.ui.tests.refactoring.CreateConstructorRefactoringTest" name="runTest[No Constructor for Typedef Reference Initialization]"/>
  <testcase time="0.102" classname="ch.hsr.ifs.cute.tdd.ui.tests.refactoring.CreateConstructorRefactoringTest" name="runTest[No Constructor for Typedef Type Specifier in Variable Declaration]"/>
  <testcase time="0.106" classname="ch.hsr.ifs.cute.tdd.ui.tests.refactoring.CreateConstructorRefactoringTest" name="runTest[No Constructor for Typedef of Fundamental Type]"/>
  <testcase time="0.113" classname="ch.hsr.ifs.cute.tdd.ui.tests.refactoring.CreateConstructorRefactoringTest" name="runTest[No Marker for Equal Initializer]"/>
  <testcase time="0.129" classname="ch.hsr.ifs.cute.tdd.ui.tests.refactoring.CreateConstructorRefactoringTest" name="runTest[No Marker for Existing but by CDT Undiscoverable Template Constructor]"/>
  <testcase time="0.277" classname="ch.hsr.ifs.cute.tdd.ui.tests.refactoring.CreateConstructorRefactoringTest" name="runTest[OneArgMultipleParam]"/>
  <testcase time="0.243" classname="ch.hsr.ifs.cute.tdd.ui.tests.refactoring.CreateConstructorRefactoringTest" name="runTest[SameParameterLength]"/>
  <testcase time="0.261" classname="ch.hsr.ifs.cute.tdd.ui.tests.refactoring.CreateConstructorRefactoringTest" name="runTest[Simple int Parameter in Header File]"/>
  <testcase time="0.272" classname="ch.hsr.ifs.cute.tdd.ui.tests.refactoring.CreateConstructorRefactoringTest" name="runTest[SimpleDouble]"/>
  <testcase time="0.252" classname="ch.hsr.ifs.cute.tdd.ui.tests.refactoring.CreateConstructorRefactoringTest" name="runTest[SimpleInt]"/>
  <testcase time="0.258" classname="ch.hsr.ifs.cute.tdd.ui.tests.refactoring.CreateConstructorRefactoringTest" name="runTest[TypeArgument]"/>
  <testcase time="0.248" classname="ch.hsr.ifs.cute.tdd.ui.tests.refactoring.CreateConstructorRefactoringTest" name="runTest[Typedef Ctor Required]"/>
  <testcase time="0.301" classname="ch.hsr.ifs.cute.tdd.ui.tests.refactoring.CreateFreeOperatorRefactoringTest" name="runTest[ASSERTOperatorDetectionBinary]"/>
  <testcase time="0.319" classname="ch.hsr.ifs.cute.tdd.ui.tests.refactoring.CreateFreeOperatorRefactoringTest" name="runTest[ASSERT_EQUALSOperatorDetectionBinary]"/>
  <testcase time="0.282" classname="ch.hsr.ifs.cute.tdd.ui.tests.refactoring.CreateFreeOperatorRefactoringTest" name="runTest[ASSERT_EQUALS_DELTA_M_Operator_DetectionBinary]"/>
  <testcase time="0.32" classname="ch.hsr.ifs.cute.tdd.ui.tests.refactoring.CreateFreeOperatorRefactoringTest" name="runTest[ASSERT_EQUALS_DELTA_M_Operator_DetectionUnary]"/>
  <testcase time="0.277" classname="ch.hsr.ifs.cute.tdd.ui.tests.refactoring.CreateFreeOperatorRefactoringTest" name="runTest[ASSERT_EQUALS_DELTA_Operator_DetectionBinary]"/>
  <testcase time="0.316" classname="ch.hsr.ifs.cute.tdd.ui.tests.refactoring.CreateFreeOperatorRefactoringTest" name="runTest[ASSERT_EQUALS_DELTA_Operator_DetectionUnary]"/>
  <testcase time="0.308" classname="ch.hsr.ifs.cute.tdd.ui.tests.refactoring.CreateFreeOperatorRefactoringTest" name="runTest[ASSERT_EQUALS_Free_OperatorDetectionUnary]"/>
  <testcase time="0.294" classname="ch.hsr.ifs.cute.tdd.ui.tests.refactoring.CreateFreeOperatorRefactoringTest" name="runTest[ASSERT_FreeOperatorUnary]"/>
  <testcase time="0.245" classname="ch.hsr.ifs.cute.tdd.ui.tests.refactoring.CreateFreeOperatorRefactoringTest" name="runTest[Create Output Operator]"/>
  <testcase time="0.09" classname="ch.hsr.ifs.cute.tdd.ui.tests.refactoring.CreateFreeOperatorRefactoringTest" name="runTest[Do Not Report Assign Operator for Pointer Types]"/>
  <testcase time="0.096" classname="ch.hsr.ifs.cute.tdd.ui.tests.refactoring.CreateFreeOperatorRefactoringTest" name="runTest[Do Not Report Deref Operator for Pointer Types]"/>
  <testcase time="0.256" classname="ch.hsr.ifs.cute.tdd.ui.tests.refactoring.CreateFreeOperatorRefactoringTest" name="runTest[Free Postfix Increment Operator]"/>
  <testcase time="0.244" classname="ch.hsr.ifs.cute.tdd.ui.tests.refactoring.CreateFreeOperatorRefactoringTest" name="runTest[Free Prefix Increment Operator]"/>
  <testcase time="0.257" classname="ch.hsr.ifs.cute.tdd.ui.tests.refactoring.CreateFreeOperatorRefactoringTest" name="runTest[HandleFreeTypeDefCorrectly]"/>
  <testcase time="0.246" classname="ch.hsr.ifs.cute.tdd.ui.tests.refactoring.CreateFreeOperatorRefactoringTest" name="runTest[TestFreeAssignmentWithBase]"/>
  <testcase time="0.258" classname="ch.hsr.ifs.cute.tdd.ui.tests.refactoring.CreateFreeOperatorRefactoringTest" name="runTest[TestFreeAssignmentWithClass]"/>
  <testcase time="0.455" classname="ch.hsr.ifs.cute.tdd.ui.tests.refactoring.CreateFunctionParameterRefactoringTest" name="runTest[Array Parameter]"/>
  <testcase time="0.329" classname="ch.hsr.ifs.cute.tdd.ui.tests.refactoring.CreateFunctionParameterRefactoringTest" name="runTest[CUTEAssertEqualFunctionParameter]"/>
  <testcase time="0.341" classname="ch.hsr.ifs.cute.tdd.ui.tests.refactoring.CreateFunctionParameterRefactoringTest" name="runTest[ClassAsArgument]"/>
  <testcase time="0.32" classname="ch.hsr.ifs.cute.tdd.ui.tests.refactoring.CreateFunctionParameterRefactoringTest" name="runTest[Const Char Pointer from Non-Literal]"/>
  <testcase time="0.281" classname="ch.hsr.ifs.cute.tdd.ui.tests.refactoring.CreateFunctionParameterRefactoringTest" name="runTest[Const Pointer Parameter]"/>
  <testcase time="0.335" classname="ch.hsr.ifs.cute.tdd.ui.tests.refactoring.CreateFunctionParameterRefactoringTest" name="runTest[Const Pointer to Const Parameter]"/>
  <testcase time="0.261" classname="ch.hsr.ifs.cute.tdd.ui.tests.refactoring.CreateFunctionParameterRefactoringTest" name="runTest[Const Volatile Pointer Parameter]"/>
  <testcase time="0.249" classname="ch.hsr.ifs.cute.tdd.ui.tests.refactoring.CreateFunctionParameterRefactoringTest" name="runTest[Create Constructor Call of typedef-Type]"/>
  <testcase time="0.253" classname="ch.hsr.ifs.cute.tdd.ui.tests.refactoring.CreateFunctionParameterRefactoringTest" name="runTest[Create typedef-Returntype Parameter]"/>
  <testcase time="0.324" classname="ch.hsr.ifs.cute.tdd.ui.tests.refactoring.CreateFunctionParameterRefactoringTest" name="runTest[Create typedef-Type Parameter]"/>
  <testcase time="0.355" classname="ch.hsr.ifs.cute.tdd.ui.tests.refactoring.CreateFunctionParameterRefactoringTest" name="runTest[NestedFunctionWithParameter]"/>
  <testcase time="0.242" classname="ch.hsr.ifs.cute.tdd.ui.tests.refactoring.CreateFunctionParameterRefactoringTest" name="runTest[ParametersWithSameName]"/>
  <testcase time="0.243" classname="ch.hsr.ifs.cute.tdd.ui.tests.refactoring.CreateFunctionParameterRefactoringTest" name="runTest[Pointer Parameter]"/>
  <testcase time="0.262" classname="ch.hsr.ifs.cute.tdd.ui.tests.refactoring.CreateFunctionParameterRefactoringTest" name="runTest[Pointer Parameter from Expression]"/>
  <testcase time="0.247" classname="ch.hsr.ifs.cute.tdd.ui.tests.refactoring.CreateFunctionParameterRefactoringTest" name="runTest[Pointer Pointer Parameter]"/>
  <testcase time="0.23" classname="ch.hsr.ifs.cute.tdd.ui.tests.refactoring.CreateFunctionParameterRefactoringTest" name="runTest[Pointer to Const Parameter]"/>
  <testcase time="0.257" classname="ch.hsr.ifs.cute.tdd.ui.tests.refactoring.CreateFunctionParameterRefactoringTest" name="runTest[Pointer to Const Volatile Parameter]"/>
  <testcase time="0.248" classname="ch.hsr.ifs.cute.tdd.ui.tests.refactoring.CreateFunctionParameterRefactoringTest" name="runTest[ReplaceFunctionMacro]"/>
  <testcase time="0.248" classname="ch.hsr.ifs.cute.tdd.ui.tests.refactoring.CreateFunctionParameterRefactoringTest" name="runTest[ReplaceFunctionNameMacro]"/>
  <testcase time="0.261" classname="ch.hsr.ifs.cute.tdd.ui.tests.refactoring.CreateFunctionParameterRefactoringTest" name="runTest[SameSymbolMultipleTimes]"/>
  <testcase time="0.236" classname="ch.hsr.ifs.cute.tdd.ui.tests.refactoring.CreateFunctionParameterRefactoringTest" name="runTest[SingleParameterChar]"/>
  <testcase time="0.246" classname="ch.hsr.ifs.cute.tdd.ui.tests.refactoring.CreateFunctionParameterRefactoringTest" name="runTest[SingleParameterDouble]"/>
  <testcase time="0.302" classname="ch.hsr.ifs.cute.tdd.ui.tests.refactoring.CreateFunctionParameterRefactoringTest" name="runTest[SingleParameterFalse]"/>
  <testcase time="0.238" classname="ch.hsr.ifs.cute.tdd.ui.tests.refactoring.CreateFunctionParameterRefactoringTest" name="runTest[SingleParameterInt]"/>
  <testcase time="0.247" classname="ch.hsr.ifs.cute.tdd.ui.tests.refactoring.CreateFunctionParameterRefactoringTest" name="runTest[SingleParameterString]"/>
  <testcase time="0.262" classname="ch.hsr.ifs.cute.tdd.ui.tests.refactoring.CreateFunctionParameterRefactoringTest" name="runTest[SingleParameterThis]"/>
  <testcase time="0.242" classname="ch.hsr.ifs.cute.tdd.ui.tests.refactoring.CreateFunctionParameterRefactoringTest" name="runTest[SingleParameterTrue]"/>
  <testcase time="0.227" classname="runTest[String Array Parameter (Local Definition of std::string)](ch.hsr.ifs.cute.tdd.ui.tests.refactoring.CreateFunctionParameterRefactoringTest)" name="runTest[String Array Parameter "/>
  <testcase time="0.241" classname="ch.hsr.ifs.cute.tdd.ui.tests.refactoring.CreateFunctionParameterRefactoringTest" name="runTest[SymbolAsArgument]"/>
  <testcase time="0.263" classname="ch.hsr.ifs.cute.tdd.ui.tests.refactoring.CreateFunctionParameterRefactoringTest" name="runTest[TestNotYetDefinedVariables]"/>
  <testcase time="0.249" classname="ch.hsr.ifs.cute.tdd.ui.tests.refactoring.CreateFunctionParameterRefactoringTest" name="runTest[TwiceSameClassAsArgument]"/>
  <testcase time="0.226" classname="ch.hsr.ifs.cute.tdd.ui.tests.refactoring.CreateFunctionParameterRefactoringTest" name="runTest[TwoDifferentParameters]"/>
  <testcase time="0.262" classname="ch.hsr.ifs.cute.tdd.ui.tests.refactoring.CreateFunctionParameterRefactoringTest" name="runTest[TwoSameParameters]"/>
  <testcase time="0.25" classname="ch.hsr.ifs.cute.tdd.ui.tests.refactoring.CreateFunctionRefactoringTest" name="runTest[TestAdvancedMacro]"/>
  <testcase time="0.268" classname="ch.hsr.ifs.cute.tdd.ui.tests.refactoring.CreateFunctionRefactoringTest" name="runTest[TestBooleanReturnTypeDetectionInMacro]"/>
  <testcase time="0.272" classname="ch.hsr.ifs.cute.tdd.ui.tests.refactoring.CreateFunctionRefactoringTest" name="runTest[TestCUTEMacroFunctionCreation_ASSERT]"/>
  <testcase time="0.387" classname="ch.hsr.ifs.cute.tdd.ui.tests.refactoring.CreateFunctionRefactoringTest" name="runTest[TestCUTEMacroFunctionCreation_ASSERT_EQUALS]"/>
  <testcase time="0.311" classname="ch.hsr.ifs.cute.tdd.ui.tests.refactoring.CreateFunctionRefactoringTest" name="runTest[TestCUTEMacroFunctionCreation_ASSERT_EQUALS_DELTA]"/>
  <testcase time="0.25" classname="ch.hsr.ifs.cute.tdd.ui.tests.refactoring.CreateFunctionRefactoringTest" name="runTest[TestCUTEMacroFunctionCreation_ASSERT_EQUALS_DELTA_M]"/>
  <testcase time="0.251" classname="ch.hsr.ifs.cute.tdd.ui.tests.refactoring.CreateFunctionRefactoringTest" name="runTest[TestFreeFunctionWorks]"/>
  <testcase time="0.269" classname="ch.hsr.ifs.cute.tdd.ui.tests.refactoring.CreateFunctionRefactoringTest" name="runTest[TestFreeInt]"/>
  <testcase time="0.326" classname="ch.hsr.ifs.cute.tdd.ui.tests.refactoring.CreateFunctionRefactoringTest" name="runTest[TestFreeOwnClass]"/>
  <testcase time="0.26" classname="ch.hsr.ifs.cute.tdd.ui.tests.refactoring.CreateFunctionRefactoringTest" name="runTest[TestReturnTypeDetectionInMacro]"/>
  <testcase time="0.252" classname="ch.hsr.ifs.cute.tdd.ui.tests.refactoring.CreateFunctionRefactoringTest" name="runTest[TestSimpleMacro]"/>
  <testcase time="0.245" classname="ch.hsr.ifs.cute.tdd.ui.tests.refactoring.CreateLocalVariableRefactoringTest" name="runTest[CreateVariableIfFieldref]"/>
  <testcase time="0.251" classname="ch.hsr.ifs.cute.tdd.ui.tests.refactoring.CreateLocalVariableRefactoringTest" name="runTest[Local Variable from First Statement in Scope]"/>
  <testcase time="0.229" classname="ch.hsr.ifs.cute.tdd.ui.tests.refactoring.CreateLocalVariableRefactoringTest" name="runTest[NamedTypeVariable]"/>
  <testcase time="0.099" classname="ch.hsr.ifs.cute.tdd.ui.tests.refactoring.CreateLocalVariableRefactoringTest" name="runTest[No Suggestion for Static Member Access]"/>
  <testcase time="0.096" classname="ch.hsr.ifs.cute.tdd.ui.tests.refactoring.CreateLocalVariableRefactoringTest" name="runTest[No Variable for Non-typedef Enum Assignment]"/>
  <testcase time="0.25" classname="ch.hsr.ifs.cute.tdd.ui.tests.refactoring.CreateLocalVariableRefactoringTest" name="runTest[SimpleMacro]"/>
  <testcase time="0.298" classname="ch.hsr.ifs.cute.tdd.ui.tests.refactoring.CreateLocalVariableRefactoringTest" name="runTest[TestCUTEMacroVariableCreation_ASSERT]"/>
  <testcase time="0.341" classname="ch.hsr.ifs.cute.tdd.ui.tests.refactoring.CreateLocalVariableRefactoringTest" name="runTest[TestCUTEMacroVariableCreation_ASSERT_EQUALS]"/>
  <testcase time="0.279" classname="ch.hsr.ifs.cute.tdd.ui.tests.refactoring.CreateLocalVariableRefactoringTest" name="runTest[TestCUTEMacroVariableCreation_ASSERT_EQUALS_DELTA]"/>
  <testcase time="0.25" classname="ch.hsr.ifs.cute.tdd.ui.tests.refactoring.CreateLocalVariableRefactoringTest" name="runTest[TestCUTEMacroVariableCreation_ASSERT_EQUALS_DELTA_M]"/>
  <testcase time="0.267" classname="ch.hsr.ifs.cute.tdd.ui.tests.refactoring.CreateLocalVariableRefactoringTest" name="runTest[TestNamedTypeVariableCreation]"/>
  <testcase time="0.233" classname="ch.hsr.ifs.cute.tdd.ui.tests.refactoring.CreateLocalVariableRefactoringTest" name="runTest[TestSimpleVariableCreation]"/>
  <testcase time="0.244" classname="ch.hsr.ifs.cute.tdd.ui.tests.refactoring.CreateMemberFunctionRefactoringTest" name="runTest[AdvancedPrivateClass]"/>
  <testcase time="0.257" classname="ch.hsr.ifs.cute.tdd.ui.tests.refactoring.CreateMemberFunctionRefactoringTest" name="runTest[CUTEAssertEqualMemberWithParameter]"/>
  <testcase time="0.236" classname="ch.hsr.ifs.cute.tdd.ui.tests.refactoring.CreateMemberFunctionRefactoringTest" name="runTest[Create Member Function for Type of Call Expression]"/>
  <testcase time="0.287" classname="ch.hsr.ifs.cute.tdd.ui.tests.refactoring.CreateMemberFunctionRefactoringTest" name="runTest[Create Member Function in Type from Header]"/>
  <testcase time="0.321" classname="ch.hsr.ifs.cute.tdd.ui.tests.refactoring.CreateMemberFunctionRefactoringTest" name="runTest[Create Member Function in Type in local TU]"/>
  <testcase time="0.252" classname="ch.hsr.ifs.cute.tdd.ui.tests.refactoring.CreateMemberFunctionRefactoringTest" name="runTest[Create Member Function in Typedefed Typedef Type]"/>
  <testcase time="0.285" classname="ch.hsr.ifs.cute.tdd.ui.tests.refactoring.CreateMemberFunctionRefactoringTest" name="runTest[Create Member Function with One Argument and Return Type]"/>
  <testcase time="0.233" classname="ch.hsr.ifs.cute.tdd.ui.tests.refactoring.CreateMemberFunctionRefactoringTest" name="runTest[Create Namespace Member Function]"/>
  <testcase time="0.279" classname="ch.hsr.ifs.cute.tdd.ui.tests.refactoring.CreateMemberFunctionRefactoringTest" name="runTest[Create Namespace Member Function in Header]"/>
  <testcase time="0.239" classname="ch.hsr.ifs.cute.tdd.ui.tests.refactoring.CreateMemberFunctionRefactoringTest" name="runTest[MemberWithParameter]"/>
  <testcase time="0.089" classname="ch.hsr.ifs.cute.tdd.ui.tests.refactoring.CreateMemberFunctionRefactoringTest" name="runTest[No Suggestion for Members of Fundamental Types]"/>
  <testcase time="0.233" classname="ch.hsr.ifs.cute.tdd.ui.tests.refactoring.CreateMemberFunctionRefactoringTest" name="runTest[PrivateClassInsertion]"/>
  <testcase time="0.266" classname="ch.hsr.ifs.cute.tdd.ui.tests.refactoring.CreateMemberFunctionRefactoringTest" name="runTest[StructPublicPartIfExiplicit]"/>
  <testcase time="0.234" classname="ch.hsr.ifs.cute.tdd.ui.tests.refactoring.CreateMemberFunctionRefactoringTest" name="runTest[TestAssignmentMemberFunction]"/>
  <testcase time="0.289" classname="ch.hsr.ifs.cute.tdd.ui.tests.refactoring.CreateMemberFunctionRefactoringTest" name="runTest[TestCUTEMacroFunctionCreation_ASSERT]"/>
  <testcase time="0.263" classname="ch.hsr.ifs.cute.tdd.ui.tests.refactoring.CreateMemberFunctionRefactoringTest" name="runTest[TestCUTEMacroFunctionCreation_ASSERT_EQUALS]"/>
  <testcase time="0.265" classname="ch.hsr.ifs.cute.tdd.ui.tests.refactoring.CreateMemberFunctionRefactoringTest" name="runTest[TestCUTEMacroFunctionCreation_ASSERT_EQUALS_DELTA]"/>
  <testcase time="0.296" classname="ch.hsr.ifs.cute.tdd.ui.tests.refactoring.CreateMemberFunctionRefactoringTest" name="runTest[TestCUTEMacroFunctionCreation_ASSERT_EQUALS_DELTA_M]"/>
  <testcase time="0.31" classname="ch.hsr.ifs.cute.tdd.ui.tests.refactoring.CreateMemberFunctionRefactoringTest" name="runTest[TestOtherFileMember]"/>
  <testcase time="0.29" classname="ch.hsr.ifs.cute.tdd.ui.tests.refactoring.CreateMemberFunctionRefactoringTest" name="runTest[TestSimpleMacro]"/>
  <testcase time="0.433" classname="ch.hsr.ifs.cute.tdd.ui.tests.refactoring.CreateMemberFunctionRefactoringTest" name="runTest[TestSimpleMemberFunction]"/>
  <testcase time="0.319" classname="ch.hsr.ifs.cute.tdd.ui.tests.refactoring.CreateMemberVariableRefactoringTest" name="runTest[ConstructorCallInInitializerClause]"/>
  <testcase time="0.105" classname="ch.hsr.ifs.cute.tdd.ui.tests.refactoring.CreateMemberVariableRefactoringTest" name="runTest[Correct Recognition of Static Member Variable]"/>
  <testcase time="0.283" classname="ch.hsr.ifs.cute.tdd.ui.tests.refactoring.CreateMemberVariableRefactoringTest" name="runTest[Create Integer Array]"/>
  <testcase time="0.284" classname="ch.hsr.ifs.cute.tdd.ui.tests.refactoring.CreateMemberVariableRefactoringTest" name="runTest[Create Member From This]"/>
  <testcase time="0.266" classname="ch.hsr.ifs.cute.tdd.ui.tests.refactoring.CreateMemberVariableRefactoringTest" name="runTest[Create Member Variable from Access in Assignment with Unary Operation]"/>
  <testcase time="0.313" classname="ch.hsr.ifs.cute.tdd.ui.tests.refactoring.CreateMemberVariableRefactoringTest" name="runTest[Create Member Variable from Access in Simple Declaration with Unary Operation]"/>
  <testcase time="0.266" classname="ch.hsr.ifs.cute.tdd.ui.tests.refactoring.CreateMemberVariableRefactoringTest" name="runTest[Create Member Variable from Initializer List with Literal]"/>
  <testcase time="0.273" classname="ch.hsr.ifs.cute.tdd.ui.tests.refactoring.CreateMemberVariableRefactoringTest" name="runTest[Create Member Variable in Namespace]"/>
  <testcase time="0.371" classname="ch.hsr.ifs.cute.tdd.ui.tests.refactoring.CreateMemberVariableRefactoringTest" name="runTest[Create Member Variable in Type from Header]"/>
  <testcase time="0.328" classname="ch.hsr.ifs.cute.tdd.ui.tests.refactoring.CreateMemberVariableRefactoringTest" name="runTest[Create Static Member Variable for Assignment]"/>
  <testcase time="0.245" classname="ch.hsr.ifs.cute.tdd.ui.tests.refactoring.CreateMemberVariableRefactoringTest" name="runTest[Create String Array Not Possible Assume Int]"/>
  <testcase time="0.263" classname="ch.hsr.ifs.cute.tdd.ui.tests.refactoring.CreateMemberVariableRefactoringTest" name="runTest[Create Type Array]"/>
  <testcase time="0.292" classname="ch.hsr.ifs.cute.tdd.ui.tests.refactoring.CreateMemberVariableRefactoringTest" name="runTest[CreateBasicTypeMemberFromThis]"/>
  <testcase time="0.256" classname="ch.hsr.ifs.cute.tdd.ui.tests.refactoring.CreateMemberVariableRefactoringTest" name="runTest[CreateBasicTypeMemberFromThisReference]"/>
  <testcase time="0.239" classname="ch.hsr.ifs.cute.tdd.ui.tests.refactoring.CreateMemberVariableRefactoringTest" name="runTest[CreateMemberOutOfCompoundAssignment]"/>
  <testcase time="0.24" classname="ch.hsr.ifs.cute.tdd.ui.tests.refactoring.CreateMemberVariableRefactoringTest" name="runTest[CreatePublicMemberForClass]"/>
  <testcase time="0.235" classname="ch.hsr.ifs.cute.tdd.ui.tests.refactoring.CreateMemberVariableRefactoringTest" name="runTest[CreateStringMemberFromThisPointerReference]"/>
  <testcase time="0.279" classname="ch.hsr.ifs.cute.tdd.ui.tests.refactoring.CreateMemberVariableRefactoringTest" name="runTest[CreateStringMemberFromThisReference]"/>
  <testcase time="0.123" classname="ch.hsr.ifs.cute.tdd.ui.tests.refactoring.CreateMemberVariableRefactoringTest" name="runTest[Do not Create Member Variable for Namespace]"/>
  <testcase time="0.127" classname="ch.hsr.ifs.cute.tdd.ui.tests.refactoring.CreateMemberVariableRefactoringTest" name="runTest[Do not Create Static Member Variable for Call]"/>
  <testcase time="0.314" classname="ch.hsr.ifs.cute.tdd.ui.tests.refactoring.CreateMemberVariableRefactoringTest" name="runTest[InitializerListInitializer]"/>
  <testcase time="0.1" classname="ch.hsr.ifs.cute.tdd.ui.tests.refactoring.CreateMemberVariableRefactoringTest" name="runTest[No Marker for Qualified Function Calls]"/>
  <testcase time="0.097" classname="ch.hsr.ifs.cute.tdd.ui.tests.refactoring.CreateMemberVariableRefactoringTest" name="runTest[No Marker for TemplateId]"/>
  <testcase time="0.246" classname="ch.hsr.ifs.cute.tdd.ui.tests.refactoring.CreateMemberVariableRefactoringTest" name="runTest[TemplateInitializer]"/>
  <testcase time="0.257" classname="ch.hsr.ifs.cute.tdd.ui.tests.refactoring.CreateMemberVariableRefactoringTest" name="runTest[TestCreateMemberVariableFromCall]"/>
  <testcase time="0.256" classname="ch.hsr.ifs.cute.tdd.ui.tests.refactoring.CreateMemberVariableRefactoringTest" name="runTest[TestCreateMemberVariableFromCallWithType]"/>
  <testcase time="0.273" classname="ch.hsr.ifs.cute.tdd.ui.tests.refactoring.CreateMemberVariableRefactoringTest" name="runTest[TestCreateMemberVariableFromInitializerList]"/>
  <testcase time="0.239" classname="ch.hsr.ifs.cute.tdd.ui.tests.refactoring.CreateMemberVariableRefactoringTest" name="runTest[TestCreateMemberVariableFromInitializerListWithType]"/>
  <testcase time="0.222" classname="ch.hsr.ifs.cute.tdd.ui.tests.refactoring.CreateNamespaceRefactoringTest" name="runTest[NamespaceCreationInClass]"/>
  <testcase time="0.266" classname="ch.hsr.ifs.cute.tdd.ui.tests.refactoring.CreateNamespaceRefactoringTest" name="runTest[NestedNamespaceCreation]"/>
  <testcase time="0.094" classname="ch.hsr.ifs.cute.tdd.ui.tests.refactoring.CreateNamespaceRefactoringTest" name="runTest[No Marker for TemplateId]"/>
  <testcase time="0.267" classname="ch.hsr.ifs.cute.tdd.ui.tests.refactoring.CreateNamespaceRefactoringTest" name="runTest[SingleNamespaceCreation]"/>
  <testcase time="0.3" classname="ch.hsr.ifs.cute.tdd.ui.tests.refactoring.CreateOperatorRefactoringTest" name="runTest[ASSERTOperatorDetectionBinary]"/>
  <testcase time="0.274" classname="ch.hsr.ifs.cute.tdd.ui.tests.refactoring.CreateOperatorRefactoringTest" name="runTest[ASSERTOperatorDetectionUnary]"/>
  <testcase time="0.347" classname="ch.hsr.ifs.cute.tdd.ui.tests.refactoring.CreateOperatorRefactoringTest" name="runTest[ASSERT_EQUALSOperatorDetectionBinary]"/>
  <testcase time="0.31" classname="ch.hsr.ifs.cute.tdd.ui.tests.refactoring.CreateOperatorRefactoringTest" name="runTest[ASSERT_EQUALSOperatorDetectionUnary]"/>
  <testcase time="0.301" classname="ch.hsr.ifs.cute.tdd.ui.tests.refactoring.CreateOperatorRefactoringTest" name="runTest[ASSERT_EQUALS_DELTA Operator Unary with Double Result]"/>
  <testcase time="0.276" classname="ch.hsr.ifs.cute.tdd.ui.tests.refactoring.CreateOperatorRefactoringTest" name="runTest[ASSERT_EQUALS_DELTA_M_Operator_DetectionBinary]"/>
  <testcase time="0.26" classname="ch.hsr.ifs.cute.tdd.ui.tests.refactoring.CreateOperatorRefactoringTest" name="runTest[ASSERT_EQUALS_DELTA_M_Operator_DetectionUnary]"/>
  <testcase time="0.267" classname="ch.hsr.ifs.cute.tdd.ui.tests.refactoring.CreateOperatorRefactoringTest" name="runTest[ASSERT_EQUALS_DELTA_Operator_DetectionBinary]"/>
  <testcase time="0.244" classname="ch.hsr.ifs.cute.tdd.ui.tests.refactoring.CreateOperatorRefactoringTest" name="runTest[ASSERT_EQUALS_DELTA_Operator_DetectionUnary]"/>
  <testcase time="0.239" classname="ch.hsr.ifs.cute.tdd.ui.tests.refactoring.CreateOperatorRefactoringTest" name="runTest[BinaryOperatorTest]"/>
  <testcase time="0.256" classname="ch.hsr.ifs.cute.tdd.ui.tests.refactoring.CreateOperatorRefactoringTest" name="runTest[BoostOperatorDetectionPrefix]"/>
  <testcase time="0.096" classname="ch.hsr.ifs.cute.tdd.ui.tests.refactoring.CreateOperatorRefactoringTest" name="runTest[Do Not Report Deref Operator for Pointer Types]"/>
  <testcase time="0.099" classname="ch.hsr.ifs.cute.tdd.ui.tests.refactoring.CreateOperatorRefactoringTest" name="runTest[Do Not Report If Operand Not Defined in Binary Expression]"/>
  <testcase time="0.1" classname="ch.hsr.ifs.cute.tdd.ui.tests.refactoring.CreateOperatorRefactoringTest" name="runTest[Do Not Report Not Operator for Pointer Types]"/>
  <testcase time="0.104" classname="ch.hsr.ifs.cute.tdd.ui.tests.refactoring.CreateOperatorRefactoringTest" name="runTest[Do Not Report Postfix Decrement Operator for Pointer Types]"/>
  <testcase time="0.098" classname="ch.hsr.ifs.cute.tdd.ui.tests.refactoring.CreateOperatorRefactoringTest" name="runTest[Do Not Report Postfix Increment Operator for Pointer Types]"/>
  <testcase time="0.106" classname="ch.hsr.ifs.cute.tdd.ui.tests.refactoring.CreateOperatorRefactoringTest" name="runTest[Do Not Report Prefix Decrement Operator for Pointer Types]"/>
  <testcase time="0.099" classname="ch.hsr.ifs.cute.tdd.ui.tests.refactoring.CreateOperatorRefactoringTest" name="runTest[Do Not Report Prefix Increment Operator for Pointer Types]"/>
  <testcase time="0.1" classname="ch.hsr.ifs.cute.tdd.ui.tests.refactoring.CreateOperatorRefactoringTest" name="runTest[DoNotReportIfOperandNotDefined]"/>
  <testcase time="0.104" classname="ch.hsr.ifs.cute.tdd.ui.tests.refactoring.CreateOperatorRefactoringTest" name="runTest[FindBinaryOperatorOnBaseType]"/>
  <testcase time="0.104" classname="ch.hsr.ifs.cute.tdd.ui.tests.refactoring.CreateOperatorRefactoringTest" name="runTest[FindFreePostFixOperator]"/>
  <testcase time="0.107" classname="ch.hsr.ifs.cute.tdd.ui.tests.refactoring.CreateOperatorRefactoringTest" name="runTest[FindFreePrefixOperator]"/>
  <testcase time="0.133" classname="ch.hsr.ifs.cute.tdd.ui.tests.refactoring.CreateOperatorRefactoringTest" name="runTest[FindUnaryOperatorOnBaseType]"/>
  <testcase time="0.098" classname="ch.hsr.ifs.cute.tdd.ui.tests.refactoring.CreateOperatorRefactoringTest" name="runTest[FindsGoodBinaryOperator]"/>
  <testcase time="0.109" classname="ch.hsr.ifs.cute.tdd.ui.tests.refactoring.CreateOperatorRefactoringTest" name="runTest[FindsGoodUnaryOperator]"/>
  <testcase time="0.275" classname="ch.hsr.ifs.cute.tdd.ui.tests.refactoring.CreateOperatorRefactoringTest" name="runTest[PostfixOperator]"/>
  <testcase time="0.238" classname="ch.hsr.ifs.cute.tdd.ui.tests.refactoring.CreateOperatorRefactoringTest" name="runTest[PrefixOperator]"/>
  <testcase time="0.093" classname="ch.hsr.ifs.cute.tdd.ui.tests.refactoring.CreateOperatorRefactoringTest" name="runTest[Recognize Enum Assignment As OK]"/>
  <testcase time="0.27" classname="ch.hsr.ifs.cute.tdd.ui.tests.refactoring.CreateStaticFunctionRefactoringTest" name="runTest[Create Static Member Function]"/>
  <testcase time="0.254" classname="ch.hsr.ifs.cute.tdd.ui.tests.refactoring.CreateStaticFunctionRefactoringTest" name="runTest[Create Static Member Function in Header]"/>
  <testcase time="0.265" classname="ch.hsr.ifs.cute.tdd.ui.tests.refactoring.CreateStaticFunctionRefactoringTest" name="runTest[Create Static Member Function with Return Type]"/>
  <testcase time="0.259" classname="ch.hsr.ifs.cute.tdd.ui.tests.refactoring.CreateStaticFunctionRefactoringTest" name="runTest[Create Static Member Function with Return Type and Parameter]"/>
  <testcase time="0.184" classname="ch.hsr.ifs.cute.tdd.ui.tests.refactoring.ExtractFunctionRefactoringTest" name="runTest[ExtractFreeFunction]"/>
  <testcase time="0.169" classname="ch.hsr.ifs.cute.tdd.ui.tests.refactoring.ExtractFunctionRefactoringTest" name="runTest[ExtractNestedTemplatedFunction]"/>
  <testcase time="0.147" classname="ch.hsr.ifs.cute.tdd.ui.tests.refactoring.ExtractFunctionRefactoringTest" name="runTest[ExtractTemplatedFunction]"/>
  <testcase time="0.378" classname="ch.hsr.ifs.cute.tdd.ui.tests.refactoring.ExtractTypeRefactoringTest" name="runTest[TestNestedStructExtraction]"/>
  <testcase time="0.412" classname="ch.hsr.ifs.cute.tdd.ui.tests.refactoring.ExtractTypeRefactoringTest" name="runTest[TestNestedTemplatedStructExtraction]"/>
  <testcase time="0.433" classname="ch.hsr.ifs.cute.tdd.ui.tests.refactoring.ExtractTypeRefactoringTest" name="runTest[TestNestedTemplatedStructExtractionSelectionInTemplatedMember]"/>
  <testcase time="0.142" classname="ch.hsr.ifs.cute.tdd.ui.tests.refactoring.ExtractTypeRefactoringTest" name="runTest[TestSimpleFunctionExtraction]"/>
  <testcase time="0.445" classname="ch.hsr.ifs.cute.tdd.ui.tests.refactoring.ExtractTypeRefactoringTest" name="runTest[TestSimpleStructExtraction]"/>
  <testcase time="0.407" classname="ch.hsr.ifs.cute.tdd.ui.tests.refactoring.ExtractTypeRefactoringTest" name="runTest[TestTemplatedStructExtraction]"/>
  <testcase time="0.367" classname="ch.hsr.ifs.cute.tdd.ui.tests.quickFixes.AddArgumentTest" name="testQuickFixMessage"/>
  <testcase time="0.647" classname="ch.hsr.ifs.cute.tdd.ui.tests.quickFixes.AddArgumentTest" name="testQuickFixApplying"/>
  <testcase time="0.311" classname="ch.hsr.ifs.cute.tdd.ui.tests.quickFixes.AddArgumentTest" name="testImageNotNull"/>
  <testcase time="0.292" classname="ch.hsr.ifs.cute.tdd.ui.tests.quickFixes.AddArgumentTest" name="testMarkerOffset"/>
  <testcase time="0.288" classname="ch.hsr.ifs.cute.tdd.ui.tests.quickFixes.AddArgumentTest" name="testMarkerLength"/>
  <testcase time="0.288" classname="ch.hsr.ifs.cute.tdd.ui.tests.quickFixes.AddArgumentTest" name="testMarkerMessage"/>
  <testcase time="0.293" classname="ch.hsr.ifs.cute.tdd.ui.tests.quickFixes.ChangeVisibilityTest" name="testQuickFixMessage"/>
  <testcase time="0.419" classname="ch.hsr.ifs.cute.tdd.ui.tests.quickFixes.ChangeVisibilityTest" name="testQuickFixApplying"/>
  <testcase time="0.288" classname="ch.hsr.ifs.cute.tdd.ui.tests.quickFixes.ChangeVisibilityTest" name="testImageNotNull"/>
  <testcase time="0.288" classname="ch.hsr.ifs.cute.tdd.ui.tests.quickFixes.ChangeVisibilityTest" name="testMarkerOffset"/>
  <testcase time="0.278" classname="ch.hsr.ifs.cute.tdd.ui.tests.quickFixes.ChangeVisibilityTest" name="testMarkerLength"/>
  <testcase time="0.278" classname="ch.hsr.ifs.cute.tdd.ui.tests.quickFixes.ChangeVisibilityTest" name="testMarkerMessage"/>
  <testcase time="0.311" classname="ch.hsr.ifs.cute.tdd.ui.tests.quickFixes.CreateClassTest" name="testQuickFixMessage"/>
  <testcase time="0.559" classname="ch.hsr.ifs.cute.tdd.ui.tests.quickFixes.CreateClassTest" name="testQuickFixApplying"/>
  <testcase time="0.291" classname="ch.hsr.ifs.cute.tdd.ui.tests.quickFixes.CreateClassTest" name="testImageNotNull"/>
  <testcase time="0.316" classname="ch.hsr.ifs.cute.tdd.ui.tests.quickFixes.CreateClassTest" name="testMarkerOffset"/>
  <testcase time="0.274" classname="ch.hsr.ifs.cute.tdd.ui.tests.quickFixes.CreateClassTest" name="testMarkerLength"/>
  <testcase time="0.292" classname="ch.hsr.ifs.cute.tdd.ui.tests.quickFixes.CreateClassTest" name="testMarkerMessage"/>
  <testcase time="0.3" classname="ch.hsr.ifs.cute.tdd.ui.tests.quickFixes.CreateConstructorTest" name="testQuickFixMessage"/>
  <testcase time="0.497" classname="ch.hsr.ifs.cute.tdd.ui.tests.quickFixes.CreateConstructorTest" name="testQuickFixApplying"/>
  <testcase time="0.31" classname="ch.hsr.ifs.cute.tdd.ui.tests.quickFixes.CreateConstructorTest" name="testImageNotNull"/>
  <testcase time="0.282" classname="ch.hsr.ifs.cute.tdd.ui.tests.quickFixes.CreateConstructorTest" name="testMarkerOffset"/>
  <testcase time="0.284" classname="ch.hsr.ifs.cute.tdd.ui.tests.quickFixes.CreateConstructorTest" name="testMarkerLength"/>
  <testcase time="0.27" classname="ch.hsr.ifs.cute.tdd.ui.tests.quickFixes.CreateConstructorTest" name="testMarkerMessage"/>
  <testcase time="0.277" classname="ch.hsr.ifs.cute.tdd.ui.tests.quickFixes.CreateFunctionTest" name="testQuickFixMessage"/>
  <testcase time="0.466" classname="ch.hsr.ifs.cute.tdd.ui.tests.quickFixes.CreateFunctionTest" name="testQuickFixApplying"/>
  <testcase time="0.323" classname="ch.hsr.ifs.cute.tdd.ui.tests.quickFixes.CreateFunctionTest" name="testImageNotNull"/>
  <testcase time="0.281" classname="ch.hsr.ifs.cute.tdd.ui.tests.quickFixes.CreateFunctionTest" name="testMarkerOffset"/>
  <testcase time="0.275" classname="ch.hsr.ifs.cute.tdd.ui.tests.quickFixes.CreateFunctionTest" name="testMarkerLength"/>
  <testcase time="0.275" classname="ch.hsr.ifs.cute.tdd.ui.tests.quickFixes.CreateFunctionTest" name="testMarkerMessage"/>
  <testcase time="0.283" classname="ch.hsr.ifs.cute.tdd.ui.tests.quickFixes.CreateLocalVariableTest" name="testQuickFixMessage"/>
  <testcase time="0.516" classname="ch.hsr.ifs.cute.tdd.ui.tests.quickFixes.CreateLocalVariableTest" name="testQuickFixApplying"/>
  <testcase time="0.307" classname="ch.hsr.ifs.cute.tdd.ui.tests.quickFixes.CreateLocalVariableTest" name="testImageNotNull"/>
  <testcase time="0.305" classname="ch.hsr.ifs.cute.tdd.ui.tests.quickFixes.CreateLocalVariableTest" name="testMarkerOffset"/>
  <testcase time="0.294" classname="ch.hsr.ifs.cute.tdd.ui.tests.quickFixes.CreateLocalVariableTest" name="testMarkerLength"/>
  <testcase time="0.326" classname="ch.hsr.ifs.cute.tdd.ui.tests.quickFixes.CreateLocalVariableTest" name="testMarkerMessage"/>
  <testcase time="0.293" classname="ch.hsr.ifs.cute.tdd.ui.tests.quickFixes.CreateMemberVariableAndPrivateLabelTest" name="testQuickFixMessage"/>
  <testcase time="0.525" classname="ch.hsr.ifs.cute.tdd.ui.tests.quickFixes.CreateMemberVariableAndPrivateLabelTest" name="testQuickFixApplying"/>
  <testcase time="0.307" classname="ch.hsr.ifs.cute.tdd.ui.tests.quickFixes.CreateMemberVariableAndPrivateLabelTest" name="testImageNotNull"/>
  <testcase time="0.285" classname="ch.hsr.ifs.cute.tdd.ui.tests.quickFixes.CreateMemberVariableAndPrivateLabelTest" name="testMarkerOffset"/>
  <testcase time="0.285" classname="ch.hsr.ifs.cute.tdd.ui.tests.quickFixes.CreateMemberVariableAndPrivateLabelTest" name="testMarkerLength"/>
  <testcase time="0.298" classname="ch.hsr.ifs.cute.tdd.ui.tests.quickFixes.CreateMemberVariableAndPrivateLabelTest" name="testMarkerMessage"/>
  <testcase time="0.278" classname="ch.hsr.ifs.cute.tdd.ui.tests.quickFixes.CreateMemberVariableTest" name="testQuickFixMessage"/>
  <testcase time="0.518" classname="ch.hsr.ifs.cute.tdd.ui.tests.quickFixes.CreateMemberVariableTest" name="testQuickFixApplying"/>
  <testcase time="0.315" classname="ch.hsr.ifs.cute.tdd.ui.tests.quickFixes.CreateMemberVariableTest" name="testImageNotNull"/>
  <testcase time="0.307" classname="ch.hsr.ifs.cute.tdd.ui.tests.quickFixes.CreateMemberVariableTest" name="testMarkerOffset"/>
  <testcase time="0.317" classname="ch.hsr.ifs.cute.tdd.ui.tests.quickFixes.CreateMemberVariableTest" name="testMarkerLength"/>
  <testcase time="0.303" classname="ch.hsr.ifs.cute.tdd.ui.tests.quickFixes.CreateMemberVariableTest" name="testMarkerMessage"/>
  <testcase time="0.289" classname="ch.hsr.ifs.cute.tdd.ui.tests.quickFixes.CreateOperatorTest" name="testQuickFixMessage"/>
  <testcase time="0.503" classname="ch.hsr.ifs.cute.tdd.ui.tests.quickFixes.CreateOperatorTest" name="testQuickFixApplying"/>
  <testcase time="0.293" classname="ch.hsr.ifs.cute.tdd.ui.tests.quickFixes.CreateOperatorTest" name="testImageNotNull"/>
  <testcase time="0.265" classname="ch.hsr.ifs.cute.tdd.ui.tests.quickFixes.CreateOperatorTest" name="testMarkerOffset"/>
  <testcase time="0.299" classname="ch.hsr.ifs.cute.tdd.ui.tests.quickFixes.CreateOperatorTest" name="testMarkerLength"/>
  <testcase time="0.295" classname="ch.hsr.ifs.cute.tdd.ui.tests.quickFixes.CreateOperatorTest" name="testMarkerMessage"/>
  <testcase time="0.314" classname="ch.hsr.ifs.cute.tdd.ui.tests.quickFixes.RemoveArgumentTest" name="testQuickFixMessage"/>
  <testcase time="0.378" classname="ch.hsr.ifs.cute.tdd.ui.tests.quickFixes.RemoveArgumentTest" name="testQuickFixApplying"/>
  <testcase time="0.318" classname="ch.hsr.ifs.cute.tdd.ui.tests.quickFixes.RemoveArgumentTest" name="testImageNotNull"/>
  <testcase time="0.301" classname="ch.hsr.ifs.cute.tdd.ui.tests.quickFixes.RemoveArgumentTest" name="testMarkerOffset"/>
  <testcase time="0.327" classname="ch.hsr.ifs.cute.tdd.ui.tests.quickFixes.RemoveArgumentTest" name="testMarkerLength"/>
  <testcase time="0.327" classname="ch.hsr.ifs.cute.tdd.ui.tests.quickFixes.RemoveArgumentTest" name="testMarkerMessage"/>
  <testcase time="0.001" classname="ch.hsr.ifs.cute.tdd.linkedMode.NestedEditTest" name="testEditHasSameText"/>
  <testcase time="0.001" classname="ch.hsr.ifs.cute.tdd.linkedMode.NestedEditTest" name="testIllegalChange"/>
  <testcase time="0" classname="ch.hsr.ifs.cute.tdd.linkedMode.NestedEditTest" name="testIllegalChangeChildren"/>
  <testcase time="0.001" classname="ch.hsr.ifs.cute.tdd.linkedMode.NestedEditTest" name="testInsertEditChild"/>
  <testcase time="0" classname="ch.hsr.ifs.cute.tdd.linkedMode.NestedEditTest" name="testChangeHasEffect"/>
  <testcase time="0" classname="ch.hsr.ifs.cute.tdd.linkedMode.NestedEditTest" name="testIndexOf"/>
  <testcase time="0" classname="ch.hsr.ifs.cute.tdd.linkedMode.NestedEditTest" name="testOverridenTextLength"/>
  <testcase time="0" classname="ch.hsr.ifs.cute.tdd.linkedMode.NestedEditTest" name="testInsertedTextLength"/>
  <testcase time="0" classname="ch.hsr.ifs.cute.tdd.linkedMode.NestedEditTest" name="testOffset"/>
  <testcase time="0.001" classname="ch.hsr.ifs.cute.tdd.linkedMode.ChangeRecorderTest" name="testExecuteFailingChange"/>
  <testcase time="0" classname="ch.hsr.ifs.cute.tdd.linkedMode.ChangeRecorderTest" name="testSpecEnd"/>
  <testcase time="0" classname="ch.hsr.ifs.cute.tdd.linkedMode.ChangeRecorderTest" name="testSpecLength"/>
  <testcase time="0" classname="ch.hsr.ifs.cute.tdd.linkedMode.ChangeRecorderTest" name="testSpecBegin"/>
  <testcase time="0" classname="ch.hsr.ifs.cute.tdd.linkedMode.ChangeRecorderTest" name="testBracketPosition"/>
  <testcase time="0" classname="ch.hsr.ifs.cute.tdd.linkedMode.ChangeRecorderTest" name="testEndOfMarkedLine"/>
  <testcase time="0.001" classname="ch.hsr.ifs.cute.tdd.linkedMode.ChangeRecorderTest" name="testMarkerLineEndWhenSemicolonWasMissing"/>
  <testcase time="0" classname="ch.hsr.ifs.cute.tdd.linkedMode.ChangeRecorderTest" name="testMarkerLineEndWhenEverythingIsMissing"/>
  <testcase time="0" classname="ch.hsr.ifs.cute.tdd.linkedMode.ChangeRecorderTest" name="testSpecifierDetection"/>
  <testcase time="0" classname="ch.hsr.ifs.cute.tdd.linkedMode.ChangeRecorderTest" name="testReturnStatementOffset"/>
  <testcase time="0" classname="ch.hsr.ifs.cute.tdd.linkedMode.ChangeRecorderTest" name="testReturnValueLength"/>
  <testcase time="0.001" classname="ch.hsr.ifs.cute.tdd.linkedMode.ChangeRecorderTest" name="testSingleParameterNameOffset"/>
  <testcase time="0" classname="ch.hsr.ifs.cute.tdd.linkedMode.ChangeRecorderTest" name="testSingleParameterNameLength"/>
  <testcase time="0" classname="ch.hsr.ifs.cute.tdd.linkedMode.ChangeRecorderTest" name="testSingleParameterSpecOffset"/>
  <testcase time="0" classname="ch.hsr.ifs.cute.tdd.linkedMode.ChangeRecorderTest" name="testSingleParameterSpecLength"/>
  <testcase time="0.001" classname="ch.hsr.ifs.cute.tdd.linkedMode.ChangeRecorderTest" name="testSecondParameterNameOffset"/>
  <testcase time="0" classname="ch.hsr.ifs.cute.tdd.linkedMode.ChangeRecorderTest" name="testSecondParameterNameLength"/>
  <testcase time="0" classname="ch.hsr.ifs.cute.tdd.linkedMode.ChangeRecorderTest" name="testSecondParameterSpecOffset"/>
  <testcase time="0" classname="ch.hsr.ifs.cute.tdd.linkedMode.ChangeRecorderTest" name="testSecondParameterSpecLength"/>
  <testcase time="0" classname="ch.hsr.ifs.cute.tdd.linkedMode.ChangeRecorderTest" name="testMethodConstOffset"/>
  <testcase time="0" classname="ch.hsr.ifs.cute.tdd.linkedMode.ChangeRecorderTest" name="testExecutePerformsChange"/>
  <testcase time="0" classname="ch.hsr.ifs.cute.tdd.linkedMode.TddLinkedModeTest" name="testGroupsExist"/>
  <testcase time="0" classname="ch.hsr.ifs.cute.tdd.linkedMode.TddLinkedModeTest" name="testGroupsAreEmpty"/>
  <testcase time="0" classname="ch.hsr.ifs.cute.tdd.linkedMode.TddLinkedModeTest" name="testAddPosition"/>
  <testcase time="0" classname="ch.hsr.ifs.cute.tdd.linkedMode.TddLinkedModeTest" name="testCorrectPositionAdded"/>
  <testcase time="0" classname="ch.hsr.ifs.cute.tdd.linkedMode.TddLinkedModeTest" name="testPositionOrder"/>
  <testcase time="0" classname="ch.hsr.ifs.cute.tdd.linkedMode.TddLinkedModeTest" name="testExitPosition"/>
  <testcase time="0" classname="ch.hsr.ifs.cute.tdd.linkedMode.TddLinkedModeTest" name="testGetGroupByOffset"/>
  <testcase time="0" classname="ch.hsr.ifs.cute.tdd.linkedMode.TddLinkedModeTest" name="testAddSiblingPosition"/>
  <testcase time="0.001" classname="ch.hsr.ifs.cute.tdd.linkedMode.TddLinkedModeTest" name="testAddOneProposal"/>
  <testcase time="0" classname="ch.hsr.ifs.cute.tdd.linkedMode.TddLinkedModeTest" name="testNoGroupIsAddedIfSiblingIsAdded"/>
  <testcase time="0.001" classname="ch.hsr.ifs.cute.tdd.linkedMode.TddLinkedModeTest" name="testInsertionOfSiblingWithOtherLength"/>
  <testcase time="0" classname="ch.hsr.ifs.cute.tdd.linkedMode.TddLinkedModeTest" name="testAddPositionToNonexistentSibling"/>
  <testcase time="0" classname="ch.hsr.ifs.cute.tdd.linkedMode.CreateClassLMTest" name="testNumberOfProposals"/>
  <testcase time="0" classname="ch.hsr.ifs.cute.tdd.linkedMode.CreateClassLMTest" name="testClassTypeProposal"/>
  <testcase time="0" classname="ch.hsr.ifs.cute.tdd.linkedMode.CreateClassLMTest" name="testStructTypeProposal"/>
  <testcase time="0" classname="ch.hsr.ifs.cute.tdd.linkedMode.CreateClassLMTest" name="testEnumTypeProposal"/>
</testsuite>